
























3599.99600001 485558 -78940.8118675 3368.67145726
0.0240000000001 62 -inf 5.27087030143e+23
1.72400000001 2872 0 1.5314167405e-07
7.43600000001 3758 -4.41217590615 -4.41217149398
1.64000000001 638 -4.48322322871 -4.48321874549
3599.96800001 278212 94680047.1244 94684079.0131
997.752000001 30618 259180.151626 259180.410807
3599.99600001 61032790 0 2.06812565408e+21
3599.99600001 397476 -26551.5206904 -21392.2466189
0.636000000001 768 -6230.8017928 -6230.79556201
19.5000000001 370 91.056239544 91.0562396033
3599.99600001 10489558 -4.94688035336e+25 25876847.5179
11.9640000001 6660 680.629709928 680.630390558
4.30800000001 236 1.56249842877 1.56249999127
3599.99200001 1758794 -1124264068.71 inf
4.97600000001 1620 -8.10645909916e-07 1.89354090084e-07
3599.98000001 35102 18741.4912916 inf
5.22400000001 1380 6155.24547818 6155.25163344
0.600000000001 242 3551.30451329 3551.3080646
86.7040000001 50244 427.23217334 427.232600572
3599.99600001 1574012 18308.1492659 18309.3609369
3599.96000001 227528 0 2.38966448925
1.58000000001 280 -10.7462049441 -10.7461941979
0.228000000001 6 -1 -1
11.2840000001 1832 -4150.41428406 -4150.41013365
5.20800000001 504 15638.9843427 15638.9999817
3599.99600001 572332 7.68891326765 11.4887338182
1.28000000001 276 0.927172751537 0.927173751537
1.72400000001 1012 -0.450000310686 -0.449999310686
5.29200000001 2674 0.000121374211962 0.000122374211962
5.04400000001 80 0.0518134074809 0.0518144074809
2.11200000001 884 -3.45600206078 -3.45599860478
3599.99600001 1625620 0 0.17548156678
0.248000000001 76 8827.59726075 8827.60608836
2.62000000001 556 1.36265654571 1.36265790836
3599.99200001 264756 5.17922894869e-09 inf
3599.99200001 593394 0.84107259999 1.39371482238
3599.99200001 670476 8.98898035879e-12 inf

620.836000001 523732 135.075842069 135.075977145
0.00400000000001 4 0.0156185252456 0.0156195252456
0.00400000000001 4 0.0156185252456 0.0156195252456
0.00400000000001 4 3.13580598725 3.13580912306
0.00400000000001 4 3.13580598725 3.13580912306
3599.99200001 459602 -836199340.303 inf
12.2320000001 6746 680.629700972 680.630381602
13.1000000001 7170 680.629663493 680.630344124
13.3080000001 7090 678.754373652 678.755052407
3599.99600001 1694972 1784.70404547 1811.40841174
3224.24800001 1400464 911.87981346 911.880725341
695.000000001 281914 543.667512249 543.668055917
11.9040000001 4758 3.95115995851 3.95116390968
0.492000000001 198 7049.24406587 7049.25111512
3599.98800001 1087792 0 inf
3599.99600001 1355236 -0.866076995488 -0.866025402859
0.696000000001 156 5326.84868854 5326.8540154
3599.99600001 3334856 -47.7566779656 -45.7168109761
3599.99200001 1452194 -434.343386418 -47.7345428064
3599.99600001 2189964 -59.6620435641 -47.7286379442
20.5480000001 6712 24.3061937319 24.3062180381
0.956000000001 326 -1768.80872592 -1768.80695712
0.952000000001 198 97.5874856787 97.5875832663
259.860000001 55272 32.3486482743 32.348680623
3599.99600001 2006828 664.820449936 inf
26.7080000001 2592 244.899460007 244.899704906
0.00800000000001 28 -95.96 -95.9599999999
0 0 -inf inf
3599.99600001 6293246 -inf 0.567487167684
0.0120000000001 2 2398.413439 2398.41583741
0.0160000000001 78 -0 0
0.0240000000001 16 -0 1.00000000001e-09
0.812000000001 8118 -0 5.80038487673e-07
0.396000000001 114 -6230.79556201 -6230.7951996
3599.99600001 1412188 -1.00109891694 -0.999999718478

0.288000000001 558 -inf -1.40004622768
77.2040000001 40234 -2380.02910279 -2380.02672276
0 0 549.999440581 549.999990581
3599.82800001 79754 -0.57334448541 -0.150059457112
0.476000000001 16 -16.419790248 -16.4197738282
3599.99600001 5926966 -1.40000000949e+17 inf
3599.99200001 1777252 -2.964e+17 inf
14.9640000001 11760 0.000135523447513 0.000136523447513
0.0320000000001 1070 2.71827911118 2.71828182946
0.100000000001 1210 54.5980997576 54.5981543558
3599.97600001 371978 5.77481474023 5.93629615254
0.0760000000001 1544 -9.98999826278e-07 1.00017372163e-09
0.248000000001 1456 49.9999500011 50.000000001
3599.99600001 5229962 -100000000 81934.8611972
3599.98400001 375028 0.0120150053138 0.0205501254999
591.060000001 12058 60.919175958 60.9192368773
415.632000001 7136 53.036972493 53.03702553
3599.99600001 27369570 0 inf

3599.99200001 6373890 0.25 20595420.8082
3599.99600001 5682410 -9.13999999999e+15 5.24516362398e+13
0.0760000000001 32 0.759283449447 0.759284449447
2.56400000001 36 1.79999996146 1.79999996531
0 2 -8.28459055135e-07 -8.28459037371e-07
0.0200000000001 14 29.8943506501 29.8943805444
0.0360000000001 28 -9.94396294553e-07 5.60370544607e-09
0.368000000001 146 -4.8367775332e-07 5.1632224668e-07
0.00800000000001 18 -8.17059572384e-08 9.36315242874e-08
0.0200000000001 20 -9.93415490256e-07 6.58450974301e-09
0.0360000000001 28 -9.51489076943e-07 4.85109230564e-08
0.0200000000001 30 -3.92433061018e-07 6.07566938982e-07
0.0120000000001 30 -9.10100569877e-07 8.98994301224e-08
0.620000000001 292 0 4.63420515959e-07
0.0280000000001 26 0 1.00036245954e-09
0.444000000001 172 0 1.80274017936e-09
0.0440000000001 46 0 2.15929671174e-09
0.620000000001 262 0 9.29367492686e-09
0.148000000001 82 0 8.52709512094e-08
0.0800000000001 48 0 7.78723535319e-09
0.124000000001 172 -17.0000169999 -17
0.456000000001 42 49317.9686421 49318.0179601
0.00400000000001 2 -213.000212989 -212.99999999
0.112000000001 64 -15.0000149979 -14.9999999979
0 0 -11.0000109994 -10.9999999994
0.00800000000001 2 -268.014899541 -268.014631526
0.012 2 -268.014899541 -268.014631526
1.40800000001 668 -39.0000389999 -39


0.628000000001 252 7049.24328274 7049.25033199
0.00800000000001 6 -30665.5629125 -30665.5386673
0.00400000000001 6 -310.000309841 -309.999999842
0 2 -310.000309849 -309.999999849
0.0240000000001 36 -4.00000399949 -3.9999999995
0.0280000000001 82 -6.53258108545e-07 3.46741891455e-07
0.00800000000001 10 -16.7389098641 -16.7388931252
0.0160000000001 32 -5.50801841622 -5.50801290821
0.148000000001 80 -400.00000059 -400.000000486
0.0920000000001 44 -600.00060061 -600.00000061
0.104000000001 38 -450.000468889 -450.000018889
0.0960000000001 38 7512.22433524 7512.23184748
0.0840000000001 48 7512.22284504 7512.23035727
0.484000000001 46 4845.46034901 4845.46198858
0.0640000000001 30 -0.0324639343989 -0.0324629343989
0.112000000001 38 1227.22512825 1227.22635547
0.0160000000001 8 0.1 0.100000000001
0.148000000001 60 1227.22527508 1227.22650231
0.160000000001 80 -0.388811477612 -0.388810477612
14.4280000001 14476 7049.24362798 7049.25067723
1.93600000001 846 7049.24285646 7049.24990571
0.0280000000001 16 10122.4831512 10122.4932737
0.0400000000001 48 -83.2497456383 -83.2496623886
0.0760000000001 52 -5.73982216806 -5.73981642825
0.0800000000001 84 0.341738553372 0.341739553372
0.0600000000001 92 1.08986288727 1.08986397714
0.248000000001 176 0.817528050742 0.817529050742
0 0 -inf inf
0.00800000000001 12 -2.02180876155 -2.02180673974
0.0120000000001 24 -1.07086143393 -1.07086036307
0.0160000000001 42 -1e-06 0
0.188000000001 316 -1.03162924422 -1.03162821259
0.0120000000001 28 -10.0860066486 -10.0859986885
0.0320000000001 198 -10.0860107409 -10.0860006549
0.712000000001 504 0.0293104949649 0.0293114949649
0.136000000001 66 -0.388811568025 -0.388810568025
0.164000000001 80 -0.388811477612 -0.388810477612
0.00800000000001 212 -inf -1.79769313486e+308
0.408000000001 218 -0.00413645842678 -0.00413545842678
0.464000000001 274 -0.00413651939776 -0.00413551939776
0.984000000001 574 -0.000426137571762 -0.000425137571762
0.160000000001 66 -1.34732655115 -1.34732520383
1.02400000001 552 -0.0107545923828 -0.0107535923828
0.216000000001 182 -inf 0.294708783427
0.0640000000001 12 -13.000000025 -13.0000000224
0.0120000000001 6 -3.2500032425 -3.2499999925
0.00800000000001 4 -16.0000001033 -16.0000000149
0.0120000000001 4 -37.0000000356 -37.0000000101
0.0520000000001 12 -1.000001009 -1.000000009
0.0120000000001 6 -3.2500032425 -3.2499999925
0.0120000000001 6 16.9999829749 16.9999999749
0 2 99.999414403 99.9995144025
0.0280000000001 4 -1.04115751295e-06 -4.11575129533e-08
0.0120000000001 10 0.499999056499 0.500000056499
0.00800000000001 8 4.99999497751 4.9999999775
0.0400000000001 6 -1.00000101665 -1.00000001665
0.0120000000001 6 16.9999829749 16.9999999749
0.00400000000001 4 1.49999998915 1.49999999147
0.00400000000001 4 2.99999811134 3.00000111134
0 10 -0 0
0 4 0 0
0 0 -9.99999999999e-07 4.94065645842e-324
0 2 0 0
0 2 0 4.44089209851e-16
0.0880000000001 34 -30665.5386855 -30665.5386825
0.172000000001 164 17.0140080826 17.0140250966
0.488000000001 158 -4500.00450019 -4500.00000019
0.188000000001 164 17.0140080826 17.0140250966
0.464000000001 344 0.0293102481136 0.0293112481136
0.00800000000001 16 3084.70808128 3084.71116599
0 2 0 1.77635683941e-14
0.00800000000001 22 0 8.95902428887e-07
0.332000000001 316 0 3.51668271128e-07
0.00400000000001 8 0 5.55111512313e-17
0.716000000001 430 -0 8.10737756062e-07
0.00800000000001 212 -inf -1.79769313486e+308
0 4 -0 0
0.0160000000001 16 -1.00000567139 -1.00000467139
3599.99200001 1482932 -47.7213625775 -47.7062935573
3599.99600001 1485802 -47.7212541229 -47.7062935573
3599.99600001 1473800 -47.7071827438 -47.7064871341
111.072000001 22184 -0.35249890229 -0.35249790229
1441.17600001 888494 -3.05197926733 -3.05197621536
8.06400000001 3970 -1.1564362724e-06 -2.40977306387e-07
3599.99200001 695446 3.96446450483 3.96851710228
0.416000000001 100 -1.76500013731 -1.76500006124
0.448000000001 112 -1.76500013884 -1.76500003329
16.7240000001 2936 1.95106598252 1.95106601932
1.70800000001 522 0 9.91807657981e-08
45.9960000001 11490 0 7.103924588e-07
11.8560000001 1832 -4150.41428406 -4150.41013365
5.15200000001 476 15638.9843427 15638.9999817
8.77600000001 4010 -0.375000989697 -0.374999989697
8.06400000001 3880 -0.375000927023 -0.374999927023
0.0320000000001 16 -750.000750082 -750.000000082
0.468000000001 40 1.86415945069 1.86415945334
15.0880000001 11810 -0.351889772268 -0.351888772268
0.592000000001 280 -0.29454239407 -0.29454139407
21.5240000001 24094 -3.6718437792e-06 -2.6718437792e-06
13.2640000001 13650 0.289193739754 0.289194739754
1.59600000001 1496 -0.695358941781 -0.695357941781
53.3400000001 55622 -3.60245684519e-06 -2.60245684519e-06
35.6320000001 41104 -0.0270073489049 -0.0270063489049
34.2120000001 30176 -0.0340671842456 -0.0340661842456
1.88800000001 440 6.27462868313 6.27463495776
1.80000000001 1156 6.27235919972 6.27236547209
2.66800000001 4396 1.20676883257 1.20677003934
185.344000001 177176 0.212458867227 0.212459867227
14.2880000001 8508 -1.16684397508e-06 -1.6684397508e-07
0.216000000001 68 -400.000400504 -400.000000504
21.4800000001 3972 -0.8660263891 -0.8660253891
2.90000000001 104 2257.79596099 2257.79821879
0.968000000001 346 -inf 2141.52964557
1.30000000001 352 -inf 4465.7044798
5.61200000001 5592 6.27427112338e-05 6.37427112338e-05
6.20800000001 5956 6.2738600943e-05 6.3738600943e-05
0.216000000001 98 -9.98999995329e-07 1.0000046704e-09
124.436000001 13928 0.000306543558738 0.000307543558738
58.4400000001 73100 0.000306489771861 0.000307489771861

3599.93200001 46652 -7.19208845159 inf
0.316000000001 784 -inf inf
0.00400000000001 108 -inf 1.04054228971e+56
0.00800000000001 212 -inf -1.79769313486e+308





































