-1.0000 
-1.0000 
-1.0000 
-1.0000 
-1.0000 
-1.0000 
-1.0000 
-1.0000 
-1.0000 
-1.0000 
-1.0000 
-1.0000 
-1.0000 
-1.0000 
-1.0000 
-1.0000 
-1.0000 
-1.0000 
-1.0000 
-1.0000 
-1.0000 
-1.0000 
-1.0000 
-1.0000 
-1.0000 
3599.9961 
0.0240 
1.7240 
7.4360 
1.6400 
3599.9680 
997.7520 
3599.9961 
3599.9961 
0.6360 
19.5000 
3599.9961 
11.9640 
4.3080 
3599.9919 
4.9760 
3599.9800 
5.2240 
0.6000 
86.7040 
3599.9961 
3599.9600 
1.5800 
0.2280 
11.2840 
5.2080 
3599.9961 
1.2800 
1.7240 
5.2920 
5.0440 
2.1120 
3599.9961 
0.2480 
2.6200 
3599.9919 
3599.9919 
3599.9919 
-1.0000 
620.8360 
0.0040 
0.0040 
0.0040 
0.0040 
3599.9919 
12.2320 
13.1000 
13.3080 
3599.9961 
3224.2480 
695.0000 
11.9040 
0.4920 
3599.9880 
3599.9961 
0.6960 
3599.9961 
3599.9919 
3599.9961 
20.5480 
0.9560 
0.9520 
259.8600 
3599.9961 
26.7080 
0.0080 
0.0000 
3599.9961 
0.0120 
0.0160 
0.0240 
0.8120 
0.3960 
3599.9961 
-1.5000 
0.2880 
77.2040 
0.0000 
3599.8279 
0.4760 
3599.9961 
3599.9919 
14.9640 
0.0320 
0.1000 
3599.9761 
0.0760 
0.2480 
3599.9961 
3599.9839 
591.0600 
415.6320 
3599.9961 
-1.0000 
3599.9919 
3599.9961 
0.0760 
2.5640 
0.0000 
0.0200 
0.0360 
0.3680 
0.0080 
0.0200 
0.0360 
0.0200 
0.0120 
0.6200 
0.0280 
0.4440 
0.0440 
0.6200 
0.1480 
0.0800 
0.1240 
0.4560 
0.0040 
0.1120 
0.0000 
0.0080 
0.0120 
1.4080 
-1.5000 
-1.5000 
0.6280 
0.0080 
0.0040 
0.0000 
0.0240 
0.0280 
0.0080 
0.0160 
0.1480 
0.0920 
0.1040 
0.0960 
0.0840 
0.4840 
0.0640 
0.1120 
0.0160 
0.1480 
0.1600 
14.4280 
1.9360 
0.0280 
0.0400 
0.0760 
0.0800 
0.0600 
0.2480 
0.0000 
0.0080 
0.0120 
0.0160 
0.1880 
0.0120 
0.0320 
0.7120 
0.1360 
0.1640 
0.0080 
0.4080 
0.4640 
0.9840 
0.1600 
1.0240 
0.2160 
0.0640 
0.0120 
0.0080 
0.0120 
0.0520 
0.0120 
0.0120 
0.0000 
0.0280 
0.0120 
0.0080 
0.0400 
0.0120 
0.0040 
0.0040 
0.0000 
0.0000 
0.0000 
0.0000 
0.0000 
0.0880 
0.1720 
0.4880 
0.1880 
0.4640 
0.0080 
0.0000 
0.0080 
0.3320 
0.0040 
0.7160 
0.0080 
0.0000 
0.0160 
3599.9919 
3599.9961 
3599.9961 
111.0720 
1441.1760 
8.0640 
3599.9919 
0.4160 
0.4480 
16.7240 
1.7080 
45.9960 
11.8560 
5.1520 
8.7760 
8.0640 
0.0320 
0.4680 
15.0880 
0.5920 
21.5240 
13.2640 
1.5960 
53.3400 
35.6320 
34.2120 
1.8880 
1.8000 
2.6680 
185.3440 
14.2880 
0.2160 
21.4800 
2.9000 
0.9680 
1.3000 
5.6120 
6.2080 
0.2160 
124.4360 
58.4400 
-1.5000 
3599.9319 
0.3160 
0.0040 
0.0080 
-1.0000 
-1.0000 
-1.0000 
-1.0000 
-1.0000 
-1.0000 
-1.0000 
-1.0000 
-1.0000 
-1.0000 
-1.0000 
-1.0000 
-1.0000 
-1.0000 
-1.0000 
-1.0000 
-1.0000 
-1.0000 
-1.0000 
-1.0000 
-1.0000 
-1.0000 
-1.0000 
-1.0000 
-1.0000 
-1.0000 
-1.0000 
-1.0000 
-1.0000 
-1.0000 
-1.0000 
-1.0000 
-1.0000 
-1.0000 
-1.0000 
-1.0000 
-1.0000 
-1.0000 
