-1.0000 
-1.0000 
-1.0000 
-1.0000 
-1.0000 
-1.0000 
-1.0000 
-1.0000 
-1.0000 
-1.0000 
-1.0000 
-1.0000 
-1.0000 
-1.0000 
-1.0000 
-1.0000 
-1.0000 
-1.0000 
-1.0000 
-1.0000 
-1.0000 
-1.0000 
-1.0000 
-1.0000 
-1.0000 
3599.9800 
0.0240 
1.6000 
3.0280 
0.8120 
3599.9800 
20.7560 
3599.9961 
3599.9880 
0.8040 
20.0160 
3599.9961 
3.0120 
5.9640 
3599.9961 
8.5960 
3599.8081 
5.1280 
0.7960 
67.8280 
3599.9880 
3599.9880 
1.5520 
0.2880 
0.1840 
0.0640 
3599.9961 
0.9720 
2.3520 
10.3080 
6.7720 
3.1840 
3599.9961 
0.3560 
3.3720 
3599.9880 
3599.9919 
3599.9961 
-1.0000 
727.0520 
0.0040 
0.0040 
0.0080 
0.0040 
2611.5039 
2.9040 
4.6200 
3.0640 
3599.9961 
1915.8680 
472.4800 
5.3480 
0.7200 
3599.9961 
3599.9880 
1.0880 
3599.9961 
3599.9961 
3599.9961 
3.7320 
1.2920 
1.2240 
209.9960 
3599.9919 
12.6560 
0.0080 
0.0000 
3599.9961 
0.0120 
0.0120 
0.0240 
0.7920 
0.5920 
3599.9880 
-1.5000 
0.2280 
15.3960 
0.0000 
3599.9561 
0.9280 
3599.9961 
3599.9961 
10.0960 
0.0320 
0.0880 
3337.6360 
0.0880 
0.2200 
3599.9961 
3599.9880 
668.3160 
414.5360 
3599.9961 
-1.0000 
3599.9961 
3599.9961 
0.0480 
2.8400 
0.0000 
0.0240 
0.0240 
0.3360 
0.0160 
0.0160 
0.0520 
0.0200 
0.0120 
0.6400 
0.0320 
0.5200 
0.0480 
0.6120 
0.1360 
0.1200 
0.0080 
0.0600 
0.0000 
0.0160 
0.0000 
0.0080 
0.0080 
0.0320 
-1.5000 
-1.5000 
0.8560 
0.0120 
0.0040 
0.0000 
0.0240 
0.0280 
0.0080 
0.0240 
0.1360 
0.0960 
0.1280 
0.0800 
0.0840 
0.3800 
0.0920 
0.1200 
0.0280 
0.1000 
0.1400 
22.2400 
1.0840 
0.0280 
0.0440 
0.0760 
0.0800 
0.0600 
0.1880 
0.0000 
0.0080 
0.0120 
0.0200 
0.1000 
0.0120 
0.0360 
0.5880 
0.1120 
0.1560 
0.0080 
0.2240 
0.3040 
0.6920 
0.1840 
0.6360 
0.2080 
0.0600 
0.0120 
0.0080 
0.0120 
0.0440 
0.0120 
0.0160 
0.0040 
0.0360 
0.0160 
0.0120 
0.0400 
0.0160 
0.0040 
0.0040 
0.0000 
0.0000 
0.0000 
0.0040 
0.0000 
0.0960 
0.1400 
0.5400 
0.1400 
0.3320 
0.0160 
0.0000 
0.0080 
0.5040 
0.0040 
1.4840 
0.0080 
0.0000 
0.0200 
403.0920 
417.0400 
201.1400 
37.7120 
319.2520 
3.5520 
260.3240 
0.2520 
0.4680 
12.7960 
1.4760 
21.7720 
0.2080 
0.0680 
11.0600 
9.0400 
0.0360 
0.8760 
4.7560 
0.4800 
9.9160 
4.5360 
0.6480 
25.3800 
17.0480 
12.9480 
2.6080 
1.4920 
3.6920 
110.8360 
7.9920 
0.2640 
24.9800 
7.6240 
0.7920 
1.0240 
1.4120 
1.5400 
0.2280 
34.9680 
50.9600 
-1.5000 
3599.8479 
0.3720 
0.0040 
0.0080 
-1.0000 
-1.0000 
-1.0000 
-1.0000 
-1.0000 
-1.0000 
-1.0000 
-1.0000 
-1.0000 
-1.0000 
-1.0000 
-1.0000 
-1.0000 
-1.0000 
-1.0000 
-1.0000 
-1.0000 
-1.0000 
-1.0000 
-1.0000 
-1.0000 
-1.0000 
-1.0000 
-1.0000 
-1.0000 
-1.0000 
-1.0000 
-1.0000 
-1.0000 
-1.0000 
-1.0000 
-1.0000 
-1.0000 
-1.0000 
-1.0000 
-1.0000 
-1.0000 
-1.0000 
