../../plugins/optim/benchs/coconutbenchmark-library2/concon.nl 0.804000 0.636000
../../plugins/optim/benchs/coconutbenchmark-library2/disc2.nl 5.964000 4.308000
../../plugins/optim/benchs/coconutbenchmark-library2/dixchlng.nl 8.596000 4.976000
../../plugins/optim/benchs/coconutbenchmark-library2/dualc2.nl 0.796000 0.600000
../../plugins/optim/benchs/coconutbenchmark-library2/eigminc.nl 0.288000 0.228000
../../plugins/optim/benchs/coconutbenchmark-library2/haifas.nl 2.352000 1.724000
../../plugins/optim/benchs/coconutbenchmark-library2/haldmads.nl 10.308000 5.292000
../../plugins/optim/benchs/coconutbenchmark-library2/himmelbk.nl 6.772000 5.044000
../../plugins/optim/benchs/coconutbenchmark-library2/hs056.nl 3.184000 2.112000
../../plugins/optim/benchs/coconutbenchmark-library2/hs087.nl 0.356000 0.248000
../../plugins/optim/benchs/coconutbenchmark-library2/hs088.nl 3.372000 2.620000
../../plugins/optim/benchs/coconutbenchmark-library2/hs097.nl 0.008000 0.004000
../../plugins/optim/benchs/coconutbenchmark-library2/hs106.nl 0.720000 0.492000
../../plugins/optim/benchs/coconutbenchmark-library2/hs109.nl 1.088000 0.696000
../../plugins/optim/benchs/coconutbenchmark-library2/hs114.nl 1.292000 0.956000
../../plugins/optim/benchs/coconutbenchmark-library2/hs116.nl 1.224000 0.952000
../../plugins/optim/benchs/coconutbenchmark-library2/mconcon.nl 0.592000 0.396000
../../plugins/optim/benchs/coconutbenchmark-library2/optprloc.nl 0.928000 0.476000
../../plugins/optim/benchs/easy/chance.bch 0.024000 0.020000
../../plugins/optim/benchs/easy/ex14_1_3.bch 0.016000 0.008000
../../plugins/optim/benchs/easy/ex14_1_5.bch 0.052000 0.036000
../../plugins/optim/benchs/easy/ex14_2_9.bch 0.120000 0.080000
../../plugins/optim/benchs/easy/ex3_1_1.bch 0.856000 0.628000
../../plugins/optim/benchs/easy/ex3_1_2.bch 0.012000 0.008000
../../plugins/optim/benchs/easy/ex4_1_9.bch 0.024000 0.016000
../../plugins/optim/benchs/easy/ex5_2_4.bch 0.128000 0.104000
../../plugins/optim/benchs/easy/ex6_1_2.bch 0.092000 0.064000
../../plugins/optim/benchs/easy/ex7_2_10.bch 0.028000 0.016000
../../plugins/optim/benchs/easy/ex7_2_3.bch 22.240000 14.428000
../../plugins/optim/benchs/easy/ex8_1_4.bch 0.020000 0.016000
../../plugins/optim/benchs/easy/ex9_2_1.bch 0.016000 0.012000
../../plugins/optim/benchs/easy/ex9_2_2.bch 0.004000 0.000000
../../plugins/optim/benchs/easy/ex9_2_3.bch 0.036000 0.028000
../../plugins/optim/benchs/easy/ex9_2_4.bch 0.016000 0.012000
../../plugins/optim/benchs/easy/ex9_2_5.bch 0.012000 0.008000
../../plugins/optim/benchs/easy/ex9_2_7.bch 0.016000 0.012000
../../plugins/optim/benchs/easy/f1.bch 0.004000 0.000000
../../plugins/optim/benchs/easy/pressure-vessel.bch 0.016000 0.008000
../../plugins/optim/benchs/easy/rosenbrock10.bch 0.504000 0.332000
../../plugins/optim/benchs/easy/ship-1.bch 1.484000 0.716000
../../plugins/optim/benchs/easy/wall.bch 0.020000 0.016000
../../plugins/optim/benchs/medium/ex2_1_9.bch 11.060000 8.776000
../../plugins/optim/benchs/medium/ex5_3_2.bch 0.876000 0.468000
../../plugins/optim/benchs/medium/ex7_3_4.bch 2.608000 1.888000
../../plugins/optim/benchs/medium/ex7_3_5bis.bch 3.692000 2.668000
../../plugins/optim/benchs/medium/haverly.bch 0.264000 0.216000
../../plugins/optim/benchs/medium/launch.bch 7.624000 2.900000
