../../plugins/optim/benchs/coconutbenchmark-library2/avgasa.nl 3.028000 7.436000
../../plugins/optim/benchs/coconutbenchmark-library2/avgasb.nl 0.812000 1.640000
../../plugins/optim/benchs/coconutbenchmark-library2/batch.nl 20.756001 997.752014
../../plugins/optim/benchs/coconutbenchmark-library2/dipigri.nl 3.012000 11.964000
../../plugins/optim/benchs/coconutbenchmark-library2/dualc5.nl 67.828003 86.704002
../../plugins/optim/benchs/coconutbenchmark-library2/ex2_1_7.nl 0.184000 11.284000
../../plugins/optim/benchs/coconutbenchmark-library2/ex2_1_8.nl 0.064000 5.208000
../../plugins/optim/benchs/coconutbenchmark-library2/genhs28.nl 0.972000 1.280000
../../plugins/optim/benchs/coconutbenchmark-library2/hs099.nl 2611.503906 3599.991943
../../plugins/optim/benchs/coconutbenchmark-library2/hs100.nl 2.904000 12.232000
../../plugins/optim/benchs/coconutbenchmark-library2/hs100lnp.nl 4.620000 13.100000
../../plugins/optim/benchs/coconutbenchmark-library2/hs100mod.nl 3.064000 13.308000
../../plugins/optim/benchs/coconutbenchmark-library2/hs102.nl 1915.868042 3224.248047
../../plugins/optim/benchs/coconutbenchmark-library2/hs103.nl 472.480011 695.000000
../../plugins/optim/benchs/coconutbenchmark-library2/hs104.nl 5.348000 11.904000
../../plugins/optim/benchs/coconutbenchmark-library2/hs113.nl 3.732000 20.548000
../../plugins/optim/benchs/coconutbenchmark-library2/hs117.nl 209.996002 259.859985
../../plugins/optim/benchs/coconutbenchmark-library2/hs119.nl 12.656000 26.708000
../../plugins/optim/benchs/coconutbenchmark-library2/makela3.nl 0.012000 0.016000
../../plugins/optim/benchs/coconutbenchmark-library2/modele_opti.nl 0.228000 0.288000
../../plugins/optim/benchs/coconutbenchmark-library2/odfits.nl 15.396000 77.204002
../../plugins/optim/benchs/coconutbenchmark-library2/pentagon.nl 10.096000 14.964000
../../plugins/optim/benchs/coconutbenchmark-library2/synthes1.nl 0.048000 0.076000
../../plugins/optim/benchs/easy/ex14_1_1.bch 0.024000 0.036000
../../plugins/optim/benchs/easy/ex14_1_4.bch 0.016000 0.020000
../../plugins/optim/benchs/easy/ex2_1_1.bch 0.008000 0.124000
../../plugins/optim/benchs/easy/ex2_1_10.bch 0.060000 0.456000
../../plugins/optim/benchs/easy/ex2_1_2.bch 0.000000 0.004000
../../plugins/optim/benchs/easy/ex2_1_3.bch 0.016000 0.112000
../../plugins/optim/benchs/easy/ex2_1_5bis.bch 0.008000 0.012000
../../plugins/optim/benchs/easy/ex2_1_6.bch 0.032000 1.408000
../../plugins/optim/benchs/easy/ex5_4_2.bch 0.080000 0.096000
../../plugins/optim/benchs/easy/ex5_4_3.bch 0.380000 0.484000
../../plugins/optim/benchs/easy/ex7_2_1bis.bch 0.100000 0.148000
../../plugins/optim/benchs/easy/ex7_2_3bis.bch 1.084000 1.936000
../../plugins/optim/benchs/easy/ex7_3_3.bch 0.188000 0.248000
../../plugins/optim/benchs/easy/ex8_1_5.bch 0.100000 0.188000
../../plugins/optim/benchs/easy/ex8_1_7.bch 0.588000 0.712000
../../plugins/optim/benchs/easy/ex8_1_8.bch 0.112000 0.136000
../../plugins/optim/benchs/easy/ex8_5_3-1.bch 0.224000 0.408000
../../plugins/optim/benchs/easy/ex8_5_3.bch 0.304000 0.464000
../../plugins/optim/benchs/easy/ex8_5_4.bch 0.692000 0.984000
../../plugins/optim/benchs/easy/ex8_5_5.bch 0.636000 1.024000
../../plugins/optim/benchs/easy/hockschittkowski.mbx 0.140000 0.172000
../../plugins/optim/benchs/easy/hs071.bch 0.140000 0.188000
../../plugins/optim/benchs/easy/m4wd.bch 0.332000 0.464000
../../plugins/optim/benchs/hard/chem-1.bch 403.092010 3599.991943
../../plugins/optim/benchs/hard/chem.bch 417.040009 3599.996094
../../plugins/optim/benchs/hard/chembis.bch 201.139999 3599.996094
../../plugins/optim/benchs/hard/ex6_1_3.bch 37.712002 111.071999
../../plugins/optim/benchs/hard/ex6_2_10.bch 319.252014 1441.176025
../../plugins/optim/benchs/hard/ex8_5_1bis.bch 3.552000 8.064000
../../plugins/optim/benchs/hard/sambal.bch 260.324005 3599.991943
../../plugins/optim/benchs/medium/alkyl.bch 0.252000 0.416000
../../plugins/optim/benchs/medium/bearing.bch 12.796000 16.724001
../../plugins/optim/benchs/medium/ex14_2_7.bch 21.771999 45.995998
../../plugins/optim/benchs/medium/ex2_1_7.bch 0.208000 11.856000
../../plugins/optim/benchs/medium/ex2_1_8.bch 0.068000 5.152000
../../plugins/optim/benchs/medium/ex6_1_3bis.bch 4.756000 15.088000
../../plugins/optim/benchs/medium/ex6_1_4.bch 0.480000 0.592000
../../plugins/optim/benchs/medium/ex6_2_11.bch 9.916000 21.524000
../../plugins/optim/benchs/medium/ex6_2_12.bch 4.536000 13.264000
../../plugins/optim/benchs/medium/ex6_2_14.bch 0.648000 1.596000
../../plugins/optim/benchs/medium/ex6_2_6.bch 25.379999 53.340000
../../plugins/optim/benchs/medium/ex6_2_8.bch 17.048000 35.632000
../../plugins/optim/benchs/medium/ex6_2_9.bch 12.948000 34.212002
../../plugins/optim/benchs/medium/ex7_3_4bis.bch 1.492000 1.800000
../../plugins/optim/benchs/medium/ex8_4_4bis.bch 110.835999 185.343994
../../plugins/optim/benchs/medium/ex8_5_2_1.bch 7.992000 14.288000
../../plugins/optim/benchs/medium/like-1.bch 0.792000 0.968000
../../plugins/optim/benchs/medium/like.bch 1.024000 1.300000
../../plugins/optim/benchs/medium/schwefel5-abs.bch 1.412000 5.612000
../../plugins/optim/benchs/medium/schwefel5.bch 1.540000 6.208000
../../plugins/optim/benchs/others/ex8_4_5-1.bch 34.967999 124.435997
