-1.0000 
-1.0000 
-1.0000 
-1.0000 
-1.0000 
-1.0000 
-1.0000 
-1.0000 
-1.0000 
-1.0000 
-1.0000 
-1.0000 
-1.0000 
-1.0000 
-1.0000 
-1.0000 
-1.0000 
-1.0000 
-1.0000 
-1.0000 
-1.0000 
-1.0000 
-1.0000 
-1.0000 
-1.0000 
3599.9800 
0.0240 
4.0160 
2.4760 
0.7000 
3599.9839 
21.7400 
3599.9961 
3599.9880 
0.5360 
18.5560 
3599.9961 
3.0640 
5.9520 
3599.9961 
5.2040 
3599.9121 
5.2800 
0.8120 
66.9840 
3599.9961 
3599.9800 
1.4600 
0.2400 
0.1920 
0.0520 
3599.9961 
1.0800 
23.2840 
7.3640 
15.6440 
7.9240 
3599.9961 
0.4040 
3.4160 
3599.9919 
3599.9919 
3599.9919 
-1.0000 
936.2640 
0.0040 
0.0080 
0.0240 
0.0160 
2529.8601 
2.7800 
2.7120 
2.9920 
3599.9961 
1642.7000 
429.9880 
5.9560 
1.4560 
3599.9961 
3599.9961 
0.8680 
3599.9961 
3599.9961 
3599.9919 
3.1720 
0.6720 
1.2480 
192.1640 
3599.9961 
10.7400 
0.0080 
0.0000 
3599.9961 
0.0120 
0.0120 
0.0240 
0.9600 
0.3480 
3599.9961 
-1.5000 
0.1080 
11.4600 
0.0000 
3599.9600 
0.4200 
3600.0000 
3599.9961 
9.4280 
0.0360 
0.0760 
2730.5039 
0.0800 
0.2720 
3599.9961 
3599.9961 
667.8200 
766.6680 
3599.9961 
-1.0000 
3599.9961 
3599.9961 
0.0760 
2.2480 
0.0000 
0.0120 
0.0200 
0.3560 
0.0120 
0.0120 
0.0480 
0.0080 
0.0160 
0.3720 
0.0200 
0.2520 
0.0480 
0.5480 
0.1200 
0.0760 
0.0080 
0.0280 
0.0000 
0.0200 
0.0000 
0.0080 
0.0120 
0.0240 
-1.5000 
-1.5000 
1.4840 
0.0120 
0.0040 
0.0000 
0.0440 
0.1440 
0.0080 
0.0120 
0.1440 
0.1360 
0.1920 
0.2080 
0.1560 
0.3240 
0.0520 
0.1400 
0.0280 
0.0760 
0.1560 
17.6640 
1.2240 
0.0320 
0.0720 
0.0800 
0.0800 
0.0560 
0.1800 
0.0000 
0.0080 
0.0120 
0.0160 
0.1720 
0.0120 
0.0360 
0.4880 
0.1200 
0.1360 
0.0080 
0.2320 
0.4400 
0.5400 
0.1760 
0.6480 
0.2320 
0.0200 
0.0080 
0.0000 
0.0120 
0.0400 
0.0160 
0.0160 
0.0040 
0.0040 
0.0120 
0.0160 
0.0200 
0.0240 
0.0040 
0.0040 
0.0000 
0.0000 
0.0000 
0.0040 
0.0240 
0.0720 
0.2360 
2.0000 
0.2840 
0.3440 
0.0080 
0.0040 
0.0080 
0.3760 
0.0000 
1.1000 
0.0080 
0.0000 
0.0320 
311.2880 
316.4960 
153.8600 
39.5200 
209.6160 
3.1320 
227.2200 
0.9880 
0.3680 
12.6760 
1.0240 
17.6880 
0.1480 
0.0480 
12.1840 
10.9920 
0.0440 
1.6280 
4.6200 
0.4520 
8.4040 
4.3160 
0.5120 
22.4920 
15.2880 
9.3800 
1.2720 
1.7760 
3.4680 
108.3480 
7.5960 
0.2760 
11.6560 
6.6880 
0.9960 
1.3320 
1.1960 
1.3600 
0.1680 
30.4240 
61.9320 
-1.5000 
3599.8201 
0.2960 
0.0040 
0.0080 
-1.0000 
-1.0000 
-1.0000 
-1.0000 
-1.0000 
-1.0000 
-1.0000 
-1.0000 
-1.0000 
-1.0000 
-1.0000 
-1.0000 
-1.0000 
-1.0000 
-1.0000 
-1.0000 
-1.0000 
-1.0000 
-1.0000 
-1.0000 
-1.0000 
-1.0000 
-1.0000 
-1.0000 
-1.0000 
-1.0000 
-1.0000 
-1.0000 
-1.0000 
-1.0000 
-1.0000 
-1.0000 
-1.0000 
-1.0000 
-1.0000 
-1.0000 
-1.0000 
-1.0000 
