../../plugins/optim/benchs/coconutbenchmark-library2/avgasa.nl 2.476000 7.436000
../../plugins/optim/benchs/coconutbenchmark-library2/avgasb.nl 0.700000 1.640000
../../plugins/optim/benchs/coconutbenchmark-library2/batch.nl 21.740000 997.752014
../../plugins/optim/benchs/coconutbenchmark-library2/dipigri.nl 3.064000 11.964000
../../plugins/optim/benchs/coconutbenchmark-library2/dualc5.nl 66.984001 86.704002
../../plugins/optim/benchs/coconutbenchmark-library2/ex2_1_7.nl 0.192000 11.284000
../../plugins/optim/benchs/coconutbenchmark-library2/ex2_1_8.nl 0.052000 5.208000
../../plugins/optim/benchs/coconutbenchmark-library2/hs099.nl 2529.860107 3599.991943
../../plugins/optim/benchs/coconutbenchmark-library2/hs100.nl 2.780000 12.232000
../../plugins/optim/benchs/coconutbenchmark-library2/hs100lnp.nl 2.712000 13.100000
../../plugins/optim/benchs/coconutbenchmark-library2/hs100mod.nl 2.992000 13.308000
../../plugins/optim/benchs/coconutbenchmark-library2/hs102.nl 1642.699951 3224.248047
../../plugins/optim/benchs/coconutbenchmark-library2/hs103.nl 429.988007 695.000000
../../plugins/optim/benchs/coconutbenchmark-library2/hs104.nl 5.956000 11.904000
../../plugins/optim/benchs/coconutbenchmark-library2/hs113.nl 3.172000 20.548000
../../plugins/optim/benchs/coconutbenchmark-library2/hs114.nl 0.672000 0.956000
../../plugins/optim/benchs/coconutbenchmark-library2/hs117.nl 192.164001 259.859985
../../plugins/optim/benchs/coconutbenchmark-library2/hs119.nl 10.740000 26.708000
../../plugins/optim/benchs/coconutbenchmark-library2/makela3.nl 0.012000 0.016000
../../plugins/optim/benchs/coconutbenchmark-library2/modele_opti.nl 0.108000 0.288000
../../plugins/optim/benchs/coconutbenchmark-library2/odfits.nl 11.460000 77.204002
../../plugins/optim/benchs/coconutbenchmark-library2/pentagon.nl 9.428000 14.964000
../../plugins/optim/benchs/coconutbenchmark-library2/polak2.nl 0.076000 0.100000
../../plugins/optim/benchs/coconutbenchmark-library2/polak3.nl 2730.503906 3599.976074
../../plugins/optim/benchs/easy/chance.bch 0.012000 0.020000
../../plugins/optim/benchs/easy/ex14_1_1.bch 0.020000 0.036000
../../plugins/optim/benchs/easy/ex14_1_4.bch 0.012000 0.020000
../../plugins/optim/benchs/easy/ex14_1_8.bch 0.008000 0.020000
../../plugins/optim/benchs/easy/ex14_2_1.bch 0.372000 0.620000
../../plugins/optim/benchs/easy/ex14_2_2.bch 0.020000 0.028000
../../plugins/optim/benchs/easy/ex14_2_4.bch 0.252000 0.444000
../../plugins/optim/benchs/easy/ex14_2_8.bch 0.120000 0.148000
../../plugins/optim/benchs/easy/ex2_1_1.bch 0.008000 0.124000
../../plugins/optim/benchs/easy/ex2_1_10.bch 0.028000 0.456000
../../plugins/optim/benchs/easy/ex2_1_2.bch 0.000000 0.004000
../../plugins/optim/benchs/easy/ex2_1_3.bch 0.020000 0.112000
../../plugins/optim/benchs/easy/ex2_1_6.bch 0.024000 1.408000
../../plugins/optim/benchs/easy/ex4_1_9.bch 0.012000 0.016000
../../plugins/optim/benchs/easy/ex5_4_3.bch 0.324000 0.484000
../../plugins/optim/benchs/easy/ex6_1_2.bch 0.052000 0.064000
../../plugins/optim/benchs/easy/ex7_2_1bis.bch 0.076000 0.148000
../../plugins/optim/benchs/easy/ex7_2_3bis.bch 1.224000 1.936000
../../plugins/optim/benchs/easy/ex7_3_3.bch 0.180000 0.248000
../../plugins/optim/benchs/easy/ex8_1_7.bch 0.488000 0.712000
../../plugins/optim/benchs/easy/ex8_1_8bis.bch 0.136000 0.164000
../../plugins/optim/benchs/easy/ex8_5_3-1.bch 0.232000 0.408000
../../plugins/optim/benchs/easy/ex8_5_4.bch 0.540000 0.984000
../../plugins/optim/benchs/easy/ex8_5_5.bch 0.648000 1.024000
../../plugins/optim/benchs/easy/ex9_1_1.bch 0.020000 0.064000
../../plugins/optim/benchs/easy/ex9_1_10.bch 0.008000 0.012000
../../plugins/optim/benchs/easy/ex9_1_2.bch 0.000000 0.008000
../../plugins/optim/benchs/easy/ex9_1_5.bch 0.040000 0.052000
../../plugins/optim/benchs/easy/ex9_2_3.bch 0.004000 0.028000
../../plugins/optim/benchs/easy/ex9_2_6.bch 0.020000 0.040000
../../plugins/optim/benchs/easy/himmel11.bch 0.072000 0.088000
../../plugins/optim/benchs/easy/m4wd.bch 0.344000 0.464000
../../plugins/optim/benchs/easy/schaffer.bch 0.000000 0.004000
../../plugins/optim/benchs/hard/chem-1.bch 311.287994 3599.991943
../../plugins/optim/benchs/hard/chem.bch 316.496002 3599.996094
../../plugins/optim/benchs/hard/chembis.bch 153.860001 3599.996094
../../plugins/optim/benchs/hard/ex6_1_3.bch 39.520000 111.071999
../../plugins/optim/benchs/hard/ex6_2_10.bch 209.615997 1441.176025
../../plugins/optim/benchs/hard/ex8_5_1bis.bch 3.132000 8.064000
../../plugins/optim/benchs/hard/sambal.bch 227.220001 3599.991943
../../plugins/optim/benchs/medium/alkylbis.bch 0.368000 0.448000
../../plugins/optim/benchs/medium/bearing.bch 12.676000 16.724001
../../plugins/optim/benchs/medium/ex14_2_3.bch 1.024000 1.708000
../../plugins/optim/benchs/medium/ex14_2_7.bch 17.688000 45.995998
../../plugins/optim/benchs/medium/ex2_1_7.bch 0.148000 11.856000
../../plugins/optim/benchs/medium/ex2_1_8.bch 0.048000 5.152000
../../plugins/optim/benchs/medium/ex6_1_3bis.bch 4.620000 15.088000
../../plugins/optim/benchs/medium/ex6_1_4.bch 0.452000 0.592000
../../plugins/optim/benchs/medium/ex6_2_11.bch 8.404000 21.524000
../../plugins/optim/benchs/medium/ex6_2_12.bch 4.316000 13.264000
../../plugins/optim/benchs/medium/ex6_2_14.bch 0.512000 1.596000
../../plugins/optim/benchs/medium/ex6_2_6.bch 22.492001 53.340000
../../plugins/optim/benchs/medium/ex6_2_8.bch 15.288000 35.632000
../../plugins/optim/benchs/medium/ex6_2_9.bch 9.380000 34.212002
../../plugins/optim/benchs/medium/ex7_3_4.bch 1.272000 1.888000
../../plugins/optim/benchs/medium/ex8_4_4bis.bch 108.348000 185.343994
../../plugins/optim/benchs/medium/ex8_5_2_1.bch 7.596000 14.288000
../../plugins/optim/benchs/medium/himmel16.bch 11.656000 21.480000
../../plugins/optim/benchs/medium/schwefel5-abs.bch 1.196000 5.612000
../../plugins/optim/benchs/medium/schwefel5.bch 1.360000 6.208000
../../plugins/optim/benchs/others/ex14_1_6.bch 0.168000 0.216000
../../plugins/optim/benchs/others/ex8_4_5-1.bch 30.424000 124.435997
