
























3599.98000001 748848 -70344.9475709 2993.94002806
0.024 62 -inf 5.27087030143e+23
4.01600000001 3994 0 3.44615759537e-07
2.47600000001 1294 -4.41217411078 -4.41216969861
0.700000000001 280 -4.48322299645 -4.48321851323
3599.98400001 254266 94680047.1244 94683759.9081
21.7400000001 478 259180.257789 259180.51697
3599.99600001 60641216 0 2.06812565408e+21
3599.98800001 537050 -26726.0378507 -21622.5389754
0.536000000001 744 -6230.80132179 -6230.795091
18.5560000001 326 91.056239544 91.0562396033
3599.99600001 10634870 -4.970109297e+25 24069181.7513
3.06400000001 1942 680.62974823 680.63042886
5.95200000001 466 1.56249842864 1.56249999114
3599.99600001 1681006 -1124264068.71 inf
5.20400000001 1650 -6.90658030219e-07 1.90253530681e-07
3599.91200001 43328 18742.3839842 inf
5.28000000001 1252 6155.24554353 6155.25169879
0.812000000001 264 3551.30314597 3551.30669727
66.9840000001 46184 427.232179341 427.232606573
3599.99600001 1393210 18307.3066307 18309.36541
3599.98000001 244700 0 2.11010666003
1.46000000001 280 -10.7462049441 -10.7461941979
0.240000000001 6 -1 -1
0.192000000001 10 -4150.41428406 -4150.41013365
0.0520000000001 4 15638.9843468 15638.9999858
3599.99600001 593884 10.1179659913 11.1867996539
1.08000000001 236 0.927172745425 0.927173745425
23.2840000001 50676 -0.450000264091 -0.449999264091
7.36400000001 3134 0.000122204738137 0.000123204738137
15.6440000001 394 0.0518134092786 0.0518144092786
7.92400000001 4350 -3.45600341487 -3.45599995887
3599.99600001 2325148 0 2.02743362445
0.404000000001 132 8827.58979018 8827.59861778
3.41600000001 650 1.36265652584 1.36265788849
3599.99200001 273222 5.74787059205e-09 inf
3599.99200001 689804 0.994657764043 1.41238097535
3599.99200001 644096 9.17006642564e-12 inf

936.264000001 1019714 135.075838314 135.07597339
0.00400000000001 6 0.0156185252456 0.0156195252456
0.00800000000001 6 0.0156185252456 0.0156195252456
0.0240000000001 12 3.1358060211 3.13580915691
0.0160000000001 12 3.13580598725 3.13580912306
2529.86000001 354332 -831080368.73 -831079537.651
2.78000000001 1824 680.629742376 680.630423006
2.71200000001 2030 680.629730861 680.630411492
2.99200000001 1780 678.754482051 678.755160806
3599.99600001 1711218 1806.18092825 1809.91171867
1642.70000001 748316 911.879841258 911.880753138
429.988000001 170012 543.667551113 543.668094782
5.95600000001 2170 3.95116105919 3.95116501035
1.45600000001 690 7049.24260222 7049.24965146
3599.99600001 2824328 0 inf
3599.99600001 1594794 -0.866075601676 -0.866025402148
0.868000000001 206 5326.84600741 5326.85133426
3599.99600001 5388290 -45.7813461973 -45.7784118978
3599.99600001 1735216 -409.564904574 -47.7089488367
3599.99200001 1713368 -47.8480667955 -47.7604021102
3.17200000001 1258 24.3061933697 24.306217676
0.672000000001 232 -1768.8074273 -1768.8056585
1.24800000001 300 97.5874728396 97.5875704272
192.164000001 48964 32.3486486058 32.3486809544
3599.99600001 1540072 664.820449936 inf
10.7400000001 1056 244.899498519 244.899743419
0.00800000000001 28 -95.96 -95.9599999999
0 0 -inf inf
3599.99600001 6301894 -inf 0.567487167684
0.0120000000001 2 2398.413439 2398.41583741
0.0120000000001 78 -0 0
0.0240000000001 16 -0 1.00000000001e-09
0.960000000001 8136 -0 8.24304501033e-07
0.348000000001 94 -6230.79556201 -6230.79541019
3599.99600001 1679302 -1.00112156325 -0.999999721216

0.108000000001 254 -inf -1.01913499544
11.4600000001 5608 -2380.02853921 -2380.02615919
0 0 549.999440581 549.999990581
3599.96000001 56934 -0.579503858383 -0.178070561252
0.420000000001 20 -16.4197808305 -16.4197734046
3600.00000001 6271764 -1.40000000949e+17 inf
3599.99600001 1821056 -2.964e+17 inf
9.42800000001 6924 0.000135539854357 0.000136539854357
0.0360000000001 1064 2.71827911118 2.71828182946
0.0760000000001 1208 54.5981020543 54.5981566525
2730.50400001 500970 5.93299874598 5.93300467898
0.0800000000001 1548 -9.98440840087e-07 1.55915991229e-09
0.272000000001 1556 49.9999500011 50.000000001
3599.99600001 4933198 -100000000 91634.6219069
3599.99600001 509570 0.0125083971981 0.0205162397135
667.820000001 14096 60.9191756778 60.919236597
766.668000001 14344 53.0369747009 53.0370277379
3599.99600001 27699196 0 inf

3599.99600001 8971280 0.25 20595419.2697
3599.99600001 5690030 -9.13999999999e+15 5.24516362398e+13
0.0760000000001 36 0.759284274069 0.759285274069
2.24800000001 38 1.79999996146 1.79999996531
0 2 -8.28459055135e-07 -8.28459037371e-07
0.0120000000001 10 29.8943505395 29.8943804339
0.0200000000001 24 -9.09349298832e-07 9.06507011678e-08
0.356000000001 154 -6.50179310141e-07 5.27198032092e-09
0.0120000000001 18 -1.76243587715e-07 1.42570448676e-09
0.0120000000001 18 -9.12233988569e-07 8.77660114307e-08
0.0480000000001 32 -9.9782239346e-07 2.17760653954e-09
0.00800000000001 16 -9.57094395597e-07 4.29056044027e-08
0.0160000000001 26 -9.92148801197e-07 7.85119880221e-09
0.372000000001 164 0 4.93170224554e-08
0.0200000000001 20 0 5.21015230959e-09
0.252000000001 110 0 1.0227683589e-08
0.0480000000001 50 0 1.43678757781e-09
0.548000000001 230 0 8.79421302447e-09
0.120000000001 62 0 1.674602923e-08
0.0760000000001 46 0 1.32469502035e-09
0.00800000000001 6 -17.0000169999 -17
0.028 2 49317.9686421 49318.0179601
0 0 -213.000212989 -212.99999999
0.0200000000001 4 -15 -14.9999999969
0 0 -11.0000109994 -10.9999999994
0.00800000000001 2 -268.014899541 -268.014631526
0.012 2 -268.014899541 -268.014631526
0.0240000000001 6 -39.0000389999 -39


1.48400000001 828 7049.2421288 7049.24917805
0.0120000000001 8 -30665.5693359 -30665.5386704
0.00400000000001 6 -310.000309841 -309.999999842
0 2 -310.000309849 -309.999999849
0.0440000000001 46 -4.00000399949 -3.9999999995
0.144000000001 632 -1.94940861532e-07 8.05059138468e-07
0.00800000000001 8 -16.7389099334 -16.7388931945
0.0120000000001 32 -5.50801877163 -5.50801326362
0.144000000001 74 -400.000400498 -400.000000498
0.136000000001 52 -600.00000095 -600.000000597
0.192000000001 116 -450.000468891 -450.000018891
0.208000000001 114 7512.22742191 7512.23493414
0.156000000001 82 7512.22268523 7512.23019746
0.324000000001 38 4845.45714316 4845.46198862
0.0520000000001 48 -0.0324644817093 -0.0324634817093
0.140000000001 54 1227.22513568 1227.2263629
0.0280000000001 12 0.1 0.100000000001
0.0760000000001 34 1227.22567849 1227.22690572
0.156000000001 72 -0.388811462096 -0.388810462096
17.6640000001 22522 7049.24467595 7049.2517252
1.22400000001 530 7049.24549882 7049.25254807
0.0320000000001 16 10122.49224 10122.5023625
0.0720000000001 74 -83.2498011397 -83.24971789
0.0800000000001 90 -5.73982259964 -5.73981685982
0.0800000000001 82 0.341738554514 0.341739554514
0.0560000000001 98 1.08986288778 1.08986397764
0.180000000001 160 0.817529045524 0.817529049882
0 0 -inf inf
0.00800000000001 18 -2.02180845225 -2.02180643045
0.0120000000001 26 -1.07086202443 -1.07086095357
0.0160000000001 44 -1e-06 0
0.172000000001 526 -1.03162948036 -1.03162844873
0.0120000000001 34 -10.0860025214 -10.0859924354
0.0360000000001 196 -10.0860115777 -10.0860014917
0.488000000001 382 0.0293103864746 0.0293113864746
0.120000000001 72 -0.38881167827 -0.38881067827
0.136000000001 72 -0.388811462096 -0.388810462096
0.00800000000001 212 -inf -1.79769313486e+308
0.232000000001 122 -0.00413656788728 -0.00413556788728
0.440000000001 180 -0.00413663082038 -0.00413563082038
0.540000000001 282 -0.000425859856599 -0.000424859856599
0.176000000001 88 -1.34732687869 -1.34732553136
0.648000000001 270 -0.0107545872672 -0.0107535872672
0.232000000001 182 -inf 0.294438232564
0.0200000000001 4 -13.000000025 -13.0000000224
0.00800000000001 6 -3.2500032425 -3.2499999925
0 2 -16.000016014 -16.000000014
0.0120000000001 4 -37.0000000356 -37.0000000101
0.0400000000001 12 -1.000001009 -1.00000000899
0.0160000000001 6 -3.2500032425 -3.2499999925
0.0160000000001 8 16.9999829737 16.9999999737
0.00400000000001 4 99.9993869204 99.9994869199
0.004 2 -1.04199995373e-06 -4.19999537371e-08
0.0120000000001 4 0.499998973001 0.499999973001
0.0160000000001 6 4.99999497976 4.99999997976
0.0200000000001 2 -1.000000982 -0.999999982
0.0240000000001 8 16.9999829737 16.9999999737
0.00400000000001 2 1.49999849101 1.49999999101
0.00400000000001 2 2.99999811134 3.00000111134
0 10 -0 0
0 4 0 0
0 0 -9.99999999999e-07 4.94065645842e-324
0.00400000000001 2 0 0
0.0240000000001 46 0 4.44089209851e-16
0.0720000000001 30 -30665.5387047 -30665.538682
0.236000000001 258 17.0140138062 17.0140308202
2.00000000001 1040 -4500.00129863 -4499.99679864
0.284000000001 258 17.0140138062 17.0140308202
0.344000000001 270 0.0293099974334 0.0293109974334
0.00800000000001 12 3084.70813924 3084.71122395
0.00400000000001 2 0 1.77635683941e-14
0.00800000000001 32 0 2.05280124944e-07
0.376000000001 330 0 9.8336196802e-07
0 2 0 5.55111512313e-17
1.10000000001 608 -0 8.62404218083e-07
0.00800000000001 212 -inf -1.79769313486e+308
0 4 -0 0
0.0320000000001 24 -1.00000567139 -1.00000467139
311.288000001 113084 -47.7065564388 -47.7065087323
316.496000001 113084 -47.7065564388 -47.7065087323
153.860000001 58350 -47.7065557219 -47.7065080153
39.5200000001 7138 -0.352498838302 -0.352497838302
209.616000001 143822 -3.05197927141 -3.05197621943
3.13200000001 1438 -1.47762901544e-06 -4.77629015449e-07
227.220000001 49494 3.96821790567 3.96822187389
0.988000000001 272 -1.7650001397 -1.76499993476
0.368000000001 88 -1.76500015332 -1.76499838832
12.6760000001 2234 1.95106597214 1.95106612319
1.02400000001 374 0 1.28182959386e-09
17.6880000001 5134 0 8.20189782018e-07
0.148000000001 10 -4150.41428406 -4150.41013365
0.0480000000001 4 15638.9843468 15638.9999858
12.1840000001 7020 -0.37500100675 -0.37500000675
10.9920000001 7022 -0.37500100675 -0.37500000675
0.0440000000001 20 -750.000750359 -750.000000359
1.62800000001 122 1.86415944901 1.86415945345
4.62000000001 3138 -0.351889763505 -0.351888763505
0.452000000001 268 -0.294542136364 -0.294541136364
8.40400000001 12162 -3.65966695474e-06 -2.65966695474e-06
4.31600000001 3862 0.28919374181 0.28919474181
0.512000000001 554 -0.695358583589 -0.695357583589
22.4920000001 29680 -3.60245582878e-06 -2.60245582878e-06
15.2880000001 18018 -0.0270073486644 -0.0270063486644
9.38000000001 9970 -0.0340671836349 -0.0340661836349
1.27200000001 464 6.27462806602 6.27463434065
1.77600000001 1090 6.2723563106 6.27236258296
3.46800000001 5700 1.20676866837 1.20676987514
108.348000001 119262 0.212458883181 0.212459883181
7.59600000001 4520 -1.04184129809e-06 -4.18412980929e-08
0.276000000001 76 -400.000400509 -400.000000509
11.6560000001 2366 -0.866026458821 -0.866025458821
6.68800000001 348 2257.79531959 2257.79757739
0.996000000001 346 -inf 2141.52964557
1.33200000001 352 -inf 4465.7044798
1.19600000001 1266 6.28960859192e-05 6.38960859192e-05
1.36000000001 1260 6.31948589078e-05 6.41948589078e-05
0.168000000001 82 -9.44532311002e-07 5.54676889975e-08
30.4240000001 3946 0.000306754200435 0.000307754200435
61.9320000001 87192 0.000306503011239 0.000307503011239

3599.82000001 48268 -7.19208845159 inf
0.296000000001 784 -inf inf
0.00400000000001 108 -inf 1.04054228971e+56
0.00800000000001 212 -inf -1.79769313486e+308





































