../../plugins/optim/benchs/coconutbenchmark-library2/aircraftb.nl 4.016000 1.724000
../../plugins/optim/benchs/coconutbenchmark-library2/disc2.nl 5.952000 4.308000
../../plugins/optim/benchs/coconutbenchmark-library2/dualc2.nl 0.812000 0.600000
../../plugins/optim/benchs/coconutbenchmark-library2/haifas.nl 23.284000 1.724000
../../plugins/optim/benchs/coconutbenchmark-library2/haldmads.nl 7.364000 5.292000
../../plugins/optim/benchs/coconutbenchmark-library2/himmelbk.nl 15.644000 5.044000
../../plugins/optim/benchs/coconutbenchmark-library2/hs056.nl 7.924000 2.112000
../../plugins/optim/benchs/coconutbenchmark-library2/hs087.nl 0.404000 0.248000
../../plugins/optim/benchs/coconutbenchmark-library2/hs088.nl 3.416000 2.620000
../../plugins/optim/benchs/coconutbenchmark-library2/hs093.nl 936.263977 620.835999
../../plugins/optim/benchs/coconutbenchmark-library2/hs096.nl 0.008000 0.004000
../../plugins/optim/benchs/coconutbenchmark-library2/hs097.nl 0.024000 0.004000
../../plugins/optim/benchs/coconutbenchmark-library2/hs098.nl 0.016000 0.004000
../../plugins/optim/benchs/coconutbenchmark-library2/hs106.nl 1.456000 0.492000
../../plugins/optim/benchs/coconutbenchmark-library2/hs109.nl 0.868000 0.696000
../../plugins/optim/benchs/coconutbenchmark-library2/hs116.nl 1.248000 0.952000
../../plugins/optim/benchs/coconutbenchmark-library2/prodpl1.nl 766.668030 415.631989
../../plugins/optim/benchs/easy/ex14_1_3.bch 0.012000 0.008000
../../plugins/optim/benchs/easy/ex14_1_5.bch 0.048000 0.036000
../../plugins/optim/benchs/easy/ex14_1_9.bch 0.016000 0.012000
../../plugins/optim/benchs/easy/ex3_1_1.bch 1.484000 0.628000
../../plugins/optim/benchs/easy/ex3_1_2.bch 0.012000 0.008000
../../plugins/optim/benchs/easy/ex3_1_4.bch 0.044000 0.024000
../../plugins/optim/benchs/easy/ex4_1_5.bch 0.144000 0.028000
../../plugins/optim/benchs/easy/ex5_2_2_case2.bch 0.136000 0.092000
../../plugins/optim/benchs/easy/ex5_2_4.bch 0.192000 0.104000
../../plugins/optim/benchs/easy/ex5_4_2.bch 0.208000 0.096000
../../plugins/optim/benchs/easy/ex5_4_2bis.bch 0.156000 0.084000
../../plugins/optim/benchs/easy/ex7_2_1.bch 0.140000 0.112000
../../plugins/optim/benchs/easy/ex7_2_10.bch 0.028000 0.016000
../../plugins/optim/benchs/easy/ex7_2_3.bch 17.664000 14.428000
../../plugins/optim/benchs/easy/ex7_2_6.bch 0.072000 0.040000
../../plugins/optim/benchs/easy/ex9_1_8.bch 0.016000 0.012000
../../plugins/optim/benchs/easy/ex9_2_1.bch 0.016000 0.012000
../../plugins/optim/benchs/easy/ex9_2_2.bch 0.004000 0.000000
../../plugins/optim/benchs/easy/ex9_2_5.bch 0.016000 0.008000
../../plugins/optim/benchs/easy/ex9_2_7.bch 0.024000 0.012000
../../plugins/optim/benchs/easy/f1.bch 0.004000 0.000000
../../plugins/optim/benchs/easy/griewank.bch 0.024000 0.000000
../../plugins/optim/benchs/easy/hockschittkowski.mbx 0.236000 0.172000
../../plugins/optim/benchs/easy/house.bch 2.000000 0.488000
../../plugins/optim/benchs/easy/hs071.bch 0.284000 0.188000
../../plugins/optim/benchs/easy/rastrigin.bch 0.004000 0.000000
../../plugins/optim/benchs/easy/ship-1.bch 1.100000 0.716000
../../plugins/optim/benchs/easy/wall.bch 0.032000 0.016000
../../plugins/optim/benchs/medium/alkyl.bch 0.988000 0.416000
../../plugins/optim/benchs/medium/ex2_1_9.bch 12.184000 8.776000
../../plugins/optim/benchs/medium/ex2_1_9fact.bch 10.992000 8.064000
../../plugins/optim/benchs/medium/ex5_2_2_case3.bch 0.044000 0.032000
../../plugins/optim/benchs/medium/ex5_3_2.bch 1.628000 0.468000
../../plugins/optim/benchs/medium/ex7_3_5bis.bch 3.468000 2.668000
../../plugins/optim/benchs/medium/haverly.bch 0.276000 0.216000
../../plugins/optim/benchs/medium/launch.bch 6.688000 2.900000
