../../plugins/optim/benchs/coconutbenchmark-library2/avgasa.nl 3.080000 7.436000
../../plugins/optim/benchs/coconutbenchmark-library2/avgasb.nl 0.664000 1.640000
../../plugins/optim/benchs/coconutbenchmark-library2/batch.nl 21.120001 997.752014
../../plugins/optim/benchs/coconutbenchmark-library2/dipigri.nl 2.716000 11.964000
../../plugins/optim/benchs/coconutbenchmark-library2/dualc5.nl 67.851997 86.704002
../../plugins/optim/benchs/coconutbenchmark-library2/ex2_1_7.nl 0.192000 11.284000
../../plugins/optim/benchs/coconutbenchmark-library2/ex2_1_8.nl 0.064000 5.208000
../../plugins/optim/benchs/coconutbenchmark-library2/genhs28.nl 0.980000 1.280000
../../plugins/optim/benchs/coconutbenchmark-library2/hs099.nl 2725.412109 3599.991943
../../plugins/optim/benchs/coconutbenchmark-library2/hs100.nl 2.588000 12.232000
../../plugins/optim/benchs/coconutbenchmark-library2/hs100lnp.nl 5.296000 13.100000
../../plugins/optim/benchs/coconutbenchmark-library2/hs100mod.nl 3.764000 13.308000
../../plugins/optim/benchs/coconutbenchmark-library2/hs102.nl 1902.404053 3224.248047
../../plugins/optim/benchs/coconutbenchmark-library2/hs103.nl 486.779999 695.000000
../../plugins/optim/benchs/coconutbenchmark-library2/hs104.nl 5.204000 11.904000
../../plugins/optim/benchs/coconutbenchmark-library2/hs113.nl 3.824000 20.548000
../../plugins/optim/benchs/coconutbenchmark-library2/hs117.nl 209.080002 259.859985
../../plugins/optim/benchs/coconutbenchmark-library2/hs119.nl 12.256000 26.708000
../../plugins/optim/benchs/coconutbenchmark-library2/lotschd.nl 0.008000 0.012000
../../plugins/optim/benchs/coconutbenchmark-library2/makela3.nl 0.012000 0.016000
../../plugins/optim/benchs/coconutbenchmark-library2/modele_opti.nl 0.232000 0.288000
../../plugins/optim/benchs/coconutbenchmark-library2/odfits.nl 15.456000 77.204002
../../plugins/optim/benchs/coconutbenchmark-library2/pentagon.nl 10.928000 14.964000
../../plugins/optim/benchs/coconutbenchmark-library2/synthes1.nl 0.048000 0.076000
../../plugins/optim/benchs/coconutbenchmark-library2/zigzag.nl 2.132000 2.564000
../../plugins/optim/benchs/easy/chance.bch 0.016000 0.020000
../../plugins/optim/benchs/easy/ex14_1_1.bch 0.024000 0.036000
../../plugins/optim/benchs/easy/ex14_1_4.bch 0.016000 0.020000
../../plugins/optim/benchs/easy/ex2_1_1.bch 0.008000 0.124000
../../plugins/optim/benchs/easy/ex2_1_10.bch 0.036000 0.456000
../../plugins/optim/benchs/easy/ex2_1_2.bch 0.000000 0.004000
../../plugins/optim/benchs/easy/ex2_1_3.bch 0.028000 0.112000
../../plugins/optim/benchs/easy/ex2_1_5bis.bch 0.008000 0.012000
../../plugins/optim/benchs/easy/ex2_1_6.bch 0.028000 1.408000
../../plugins/optim/benchs/easy/ex4_1_8.bch 0.004000 0.008000
../../plugins/optim/benchs/easy/ex7_2_1bis.bch 0.104000 0.148000
../../plugins/optim/benchs/easy/ex7_2_3bis.bch 1.052000 1.936000
../../plugins/optim/benchs/easy/ex8_1_5.bch 0.088000 0.188000
../../plugins/optim/benchs/easy/ex8_1_8bis.bch 0.136000 0.164000
../../plugins/optim/benchs/easy/ex8_5_3-1.bch 0.232000 0.408000
../../plugins/optim/benchs/easy/ex8_5_3.bch 0.332000 0.464000
../../plugins/optim/benchs/easy/ex8_5_5.bch 0.612000 1.024000
../../plugins/optim/benchs/easy/hs071.bch 0.144000 0.188000
../../plugins/optim/benchs/easy/m4wd.bch 0.272000 0.464000
../../plugins/optim/benchs/hard/chem-1.bch 410.808014 3599.991943
../../plugins/optim/benchs/hard/chem.bch 427.891998 3599.996094
../../plugins/optim/benchs/hard/chembis.bch 201.960007 3599.996094
../../plugins/optim/benchs/hard/ex6_1_3.bch 39.088001 111.071999
../../plugins/optim/benchs/hard/ex6_2_10.bch 305.940002 1441.176025
../../plugins/optim/benchs/hard/ex8_5_1bis.bch 4.580000 8.064000
../../plugins/optim/benchs/hard/sambal.bch 260.644012 3599.991943
../../plugins/optim/benchs/medium/alkyl.bch 0.252000 0.416000
../../plugins/optim/benchs/medium/bearing.bch 12.900000 16.724001
../../plugins/optim/benchs/medium/ex14_2_7.bch 20.996000 45.995998
../../plugins/optim/benchs/medium/ex2_1_7.bch 0.220000 11.856000
../../plugins/optim/benchs/medium/ex2_1_8.bch 0.064000 5.152000
../../plugins/optim/benchs/medium/ex6_1_3bis.bch 4.752000 15.088000
../../plugins/optim/benchs/medium/ex6_2_11.bch 10.824000 21.524000
../../plugins/optim/benchs/medium/ex6_2_12.bch 5.208000 13.264000
../../plugins/optim/benchs/medium/ex6_2_14.bch 0.640000 1.596000
../../plugins/optim/benchs/medium/ex6_2_6.bch 25.232000 53.340000
../../plugins/optim/benchs/medium/ex6_2_8.bch 18.431999 35.632000
../../plugins/optim/benchs/medium/ex6_2_9.bch 13.388000 34.212002
../../plugins/optim/benchs/medium/ex8_4_4bis.bch 113.627998 185.343994
../../plugins/optim/benchs/medium/ex8_5_2_1.bch 7.724000 14.288000
../../plugins/optim/benchs/medium/like.bch 1.048000 1.300000
../../plugins/optim/benchs/medium/schwefel5-abs.bch 1.408000 5.612000
../../plugins/optim/benchs/medium/schwefel5.bch 1.688000 6.208000
../../plugins/optim/benchs/others/ex8_4_5-1.bch 35.604000 124.435997
