../../plugins/optim/benchs/coconutbenchmark-library2/disc2.nl 6.164000 4.308000
../../plugins/optim/benchs/coconutbenchmark-library2/dixchlng.nl 9.188000 4.976000
../../plugins/optim/benchs/coconutbenchmark-library2/dualc2.nl 0.864000 0.600000
../../plugins/optim/benchs/coconutbenchmark-library2/eigminc.nl 0.320000 0.228000
../../plugins/optim/benchs/coconutbenchmark-library2/haifas.nl 2.772000 1.724000
../../plugins/optim/benchs/coconutbenchmark-library2/haldmads.nl 10.388000 5.292000
../../plugins/optim/benchs/coconutbenchmark-library2/himmelbk.nl 6.372000 5.044000
../../plugins/optim/benchs/coconutbenchmark-library2/hs056.nl 3.164000 2.112000
../../plugins/optim/benchs/coconutbenchmark-library2/hs087.nl 0.356000 0.248000
../../plugins/optim/benchs/coconutbenchmark-library2/hs088.nl 3.628000 2.620000
../../plugins/optim/benchs/coconutbenchmark-library2/hs098.nl 0.008000 0.004000
../../plugins/optim/benchs/coconutbenchmark-library2/hs106.nl 0.884000 0.492000
../../plugins/optim/benchs/coconutbenchmark-library2/hs109.nl 0.880000 0.696000
../../plugins/optim/benchs/coconutbenchmark-library2/matrix2.nl 1.072000 0.812000
../../plugins/optim/benchs/coconutbenchmark-library2/mconcon.nl 0.568000 0.396000
../../plugins/optim/benchs/coconutbenchmark-library2/optprloc.nl 0.820000 0.476000
../../plugins/optim/benchs/coconutbenchmark-library2/polak1.nl 0.048000 0.032000
../../plugins/optim/benchs/easy/ex14_1_5.bch 0.052000 0.036000
../../plugins/optim/benchs/easy/ex14_1_8.bch 0.024000 0.020000
../../plugins/optim/benchs/easy/ex14_1_9.bch 0.024000 0.012000
../../plugins/optim/benchs/easy/ex14_2_5.bch 0.056000 0.044000
../../plugins/optim/benchs/easy/ex14_2_9.bch 0.112000 0.080000
../../plugins/optim/benchs/easy/ex4_1_9.bch 0.020000 0.016000
../../plugins/optim/benchs/easy/ex6_1_2.bch 0.088000 0.064000
../../plugins/optim/benchs/easy/ex7_2_10.bch 0.040000 0.016000
../../plugins/optim/benchs/easy/ex7_2_3.bch 21.903999 14.428000
../../plugins/optim/benchs/easy/ex7_2_5.bch 0.036000 0.028000
../../plugins/optim/benchs/easy/ex7_3_1.bch 0.096000 0.080000
../../plugins/optim/benchs/easy/ex7_3_2.bch 0.088000 0.060000
../../plugins/optim/benchs/easy/ex8_4inf-1.bch 0.012000 0.008000
../../plugins/optim/benchs/easy/ex8_5_5-1.bch 0.212000 0.160000
../../plugins/optim/benchs/easy/ex9_1_10.bch 0.016000 0.012000
../../plugins/optim/benchs/easy/ex9_1_2.bch 0.012000 0.008000
../../plugins/optim/benchs/easy/ex9_2_1.bch 0.020000 0.012000
../../plugins/optim/benchs/easy/ex9_2_2.bch 0.004000 0.000000
../../plugins/optim/benchs/easy/ex9_2_4.bch 0.016000 0.012000
../../plugins/optim/benchs/easy/ex9_2_5.bch 0.012000 0.008000
../../plugins/optim/benchs/easy/ex9_2_7.bch 0.020000 0.012000
../../plugins/optim/benchs/easy/f1.bch 0.004000 0.000000
../../plugins/optim/benchs/easy/griewank.bch 0.004000 0.000000
../../plugins/optim/benchs/easy/house.bch 0.632000 0.488000
../../plugins/optim/benchs/easy/rastrigin.bch 0.004000 0.000000
../../plugins/optim/benchs/easy/rosenbrock10.bch 0.480000 0.332000
../../plugins/optim/benchs/easy/ship-1.bch 1.936000 0.716000
../../plugins/optim/benchs/easy/wall.bch 0.024000 0.016000
../../plugins/optim/benchs/medium/ex2_1_9.bch 10.648000 8.776000
../../plugins/optim/benchs/medium/ex2_1_9fact.bch 9.892000 8.064000
../../plugins/optim/benchs/medium/ex5_3_2.bch 0.940000 0.468000
../../plugins/optim/benchs/medium/ex7_3_4.bch 2.300000 1.888000
../../plugins/optim/benchs/medium/ex7_3_5bis.bch 3.588000 2.668000
../../plugins/optim/benchs/medium/haverly.bch 0.272000 0.216000
../../plugins/optim/benchs/medium/launch.bch 7.800000 2.900000
