-1.0000 
-1.0000 
-1.0000 
-1.0000 
-1.0000 
-1.0000 
-1.0000 
-1.0000 
-1.0000 
-1.0000 
-1.0000 
-1.0000 
-1.0000 
-1.0000 
-1.0000 
-1.0000 
-1.0000 
-1.0000 
-1.0000 
-1.0000 
-1.0000 
-1.0000 
-1.0000 
-1.0000 
-1.0000 
3599.9839 
0.0240 
1.6240 
3.0800 
0.6640 
3599.9880 
21.1200 
3599.9961 
3599.9961 
0.6840 
20.3920 
3599.9961 
2.7160 
6.1640 
3599.9961 
9.1880 
3599.8760 
4.9600 
0.8640 
67.8520 
3599.9961 
3599.9919 
1.7400 
0.3200 
0.1920 
0.0640 
3599.9961 
0.9800 
2.7720 
10.3880 
6.3720 
3.1640 
3599.9919 
0.3560 
3.6280 
3599.9839 
3599.9880 
3599.9961 
-1.0000 
724.6200 
0.0040 
0.0040 
0.0040 
0.0080 
2725.4121 
2.5880 
5.2960 
3.7640 
3599.9961 
1902.4041 
486.7800 
5.2040 
0.8840 
3599.9919 
3599.9961 
0.8800 
3599.9961 
3599.9961 
3599.9919 
3.8240 
1.0880 
0.9600 
209.0800 
3599.9961 
12.2560 
0.0080 
0.0000 
3599.9961 
0.0080 
0.0120 
0.0280 
1.0720 
0.5680 
3599.9919 
-1.5000 
0.2320 
15.4560 
0.0000 
3599.9199 
0.8200 
3599.9961 
3599.9961 
10.9280 
0.0480 
0.0880 
3401.8120 
0.0800 
0.2320 
3599.9961 
3599.9800 
655.1840 
413.6160 
3599.9961 
-1.0000 
3599.9961 
3599.9961 
0.0480 
2.1320 
0.0000 
0.0160 
0.0240 
0.3360 
0.0080 
0.0160 
0.0520 
0.0240 
0.0240 
0.6440 
0.0240 
0.5200 
0.0560 
0.6000 
0.1400 
0.1120 
0.0080 
0.0360 
0.0000 
0.0280 
0.0000 
0.0080 
0.0080 
0.0280 
-1.5000 
-1.5000 
0.6920 
0.0080 
0.0040 
0.0000 
0.0280 
0.0280 
0.0040 
0.0200 
0.1440 
0.1000 
0.1000 
0.0840 
0.0840 
0.4040 
0.0880 
0.1280 
0.0400 
0.1040 
0.1600 
21.9040 
1.0520 
0.0360 
0.0360 
0.0760 
0.0960 
0.0880 
0.2080 
0.0000 
0.0080 
0.0120 
0.0160 
0.0880 
0.0120 
0.0320 
0.6200 
0.1200 
0.1360 
0.0120 
0.2320 
0.3320 
0.8320 
0.2120 
0.6120 
0.2360 
0.0640 
0.0160 
0.0120 
0.0120 
0.0480 
0.0120 
0.0200 
0.0040 
0.0320 
0.0160 
0.0120 
0.0360 
0.0200 
0.0040 
0.0040 
0.0000 
0.0000 
0.0000 
0.0040 
0.0040 
0.1000 
0.1440 
0.6320 
0.1440 
0.2720 
0.0080 
0.0040 
0.0080 
0.4800 
0.0040 
1.9360 
0.0080 
0.0000 
0.0240 
410.8080 
427.8920 
201.9600 
39.0880 
305.9400 
4.5800 
260.6440 
0.2520 
0.4600 
12.9000 
1.4760 
20.9960 
0.2200 
0.0640 
10.6480 
9.8920 
0.0360 
0.9400 
4.7520 
0.5360 
10.8240 
5.2080 
0.6400 
25.2320 
18.4320 
13.3880 
2.3000 
1.6960 
3.5880 
113.6280 
7.7240 
0.2720 
24.7280 
7.8000 
0.8160 
1.0480 
1.4080 
1.6880 
0.2240 
35.6040 
51.3040 
-1.5000 
3599.8960 
0.3600 
0.0040 
0.0080 
-1.0000 
-1.0000 
-1.0000 
-1.0000 
-1.0000 
-1.0000 
-1.0000 
-1.0000 
-1.0000 
-1.0000 
-1.0000 
-1.0000 
-1.0000 
-1.0000 
-1.0000 
-1.0000 
-1.0000 
-1.0000 
-1.0000 
-1.0000 
-1.0000 
-1.0000 
-1.0000 
-1.0000 
-1.0000 
-1.0000 
-1.0000 
-1.0000 
-1.0000 
-1.0000 
-1.0000 
-1.0000 
-1.0000 
-1.0000 
-1.0000 
-1.0000 
-1.0000 
-1.0000 
