
























3599.98400001 395654 -83446.6775928 3000.57847898
0.024 62 -inf 5.27087030143e+23
1.62400000001 2210 0 5.54660258593e-07
3.08000000001 1116 -4.4121743543 -4.41216994213
0.664000000001 198 -4.48322135237 -4.48321686915
3599.98800001 242912 94680040.4649 94682018.7591
21.1200000001 348 259180.317421 259180.576602
3599.99600001 59064766 0 2.06812565408e+21
3599.99600001 313790 -26587.8792801 -21413.4343251
0.684000000001 744 -6230.80154913 -6230.79531833
20.3920000001 248 91.0562395433 91.0562396033
3599.99600001 10719422 -4.970109297e+25 30236721.8188
2.71600000001 1090 680.629743296 680.630423927
6.16400000001 286 1.5624984294 1.5624999919
3599.99600001 1708362 -1124264068.71 inf
9.18800000001 1908 -5.89942975461e-08 8.19533117367e-07
3599.87600001 23150 18741.3473277 inf
4.96000000001 900 6155.2455372 6155.25169245
0.864000000001 186 3551.30560935 3551.30916066
67.8520000001 30984 427.232144476 427.232571708
3599.99600001 1023264 18307.6142689 18309.3609373
3599.99200001 251484 0 2.00184277862
1.74000000001 280 -10.7462049441 -10.7461941979
0.320000000001 6 -1 -1
0.192000000001 10 -4150.41428406 -4150.41013365
0.0640000000001 4 15638.9843468 15638.9999858
3599.99600001 465078 9.5576945553 11.2572556178
0.980000000001 206 0.927172741356 0.927173741356
2.77200000001 2370 -0.450000998385 -0.449999998385
10.3880000001 3862 0.000121422852294 0.000122422852294
6.37200000001 84 0.0518133761829 0.0518143761829
3.16400000001 1156 -3.45600089476 -3.45599743877
3599.99200001 1346334 0 0.175301782682
0.356000000001 72 8827.59103082 8827.59985842
3.62800000001 534 1.36265657578 1.36265793844
3599.98400001 268978 5.4598482788e-09 inf
3599.98800001 387482 0.963997447464 1.37176349949
3599.99600001 808960 7.96342004068e-11 1.49983577103e+75

724.620000001 566874 135.075843901 135.075978977
0.00400000000001 4 0.0156185252456 0.0156195252456
0.00400000000001 4 0.0156185252456 0.0156195252456
0.00400000000001 4 3.13580598725 3.13580912306
0.00800000000001 4 3.13580598725 3.13580912306
2725.41200001 363462 -831080137.329 -831079306.25
2.58800000001 1094 680.629837128 680.630517758
5.29600000001 2352 680.629712287 680.630392917
3.76400000001 1134 678.754424208 678.755102963
3599.99600001 1168482 1802.39713383 1810.21689873
1902.40400001 588952 911.879827374 911.880739254
486.780000001 151820 543.667505718 543.668049386
5.20400000001 1290 3.95116073121 3.95116468238
0.884000000001 240 7049.24313424 7049.25018349
3599.99200001 1264862 0 inf
3599.99600001 962542 -0.86609689073 -0.866025402781
0.880000000001 144 5326.84607098 5326.85139783
3599.99600001 3749998 -45.8174665254 -45.7780231991
3599.99600001 993798 -406.778031454 -47.7241534905
3599.99200001 1290260 -47.918418531 -47.7593837747
3.82400000001 1032 24.30619788 24.3062221862
1.08800000001 256 -1768.80813037 -1768.80636156
0.960000000001 138 97.5874802225 97.5875778101
209.080000001 36454 32.3486480719 32.3486804206
3599.99600001 1330064 664.820449936 inf
12.2560000001 914 244.899487128 244.899732027
0.00800000000001 28 -95.96 -95.9599999999
0 0 -inf inf
3599.99600001 6354042 -inf 0.567487167684
0.00800000000001 2 2398.413439 2398.41583741
0.0120000000001 78 -0 0
0.0280000000001 16 -0 1.00000000001e-09
1.07200000001 8122 -0 9.7243867395e-07
0.568000000001 104 -6230.79556201 -6230.79470008
3599.99200001 1059570 -1.00106924228 -0.999999911277

0.232000000001 378 -inf -1.40004622778
15.4560000001 5486 -2380.02853921 -2380.02615919
0 0 549.999440581 549.999990581
3599.92000001 29498 -0.543328295537 -0.18591810898
0.820000000001 18 -16.4197805233 -16.4197641036
3599.99600001 6101218 -1.40000000949e+17 inf
3599.99600001 1877706 -2.964e+17 inf
10.9280000001 6644 0.000135528632623 0.000136528632623
0.0480000000001 1070 2.71827911118 2.71828182946
0.0880000000001 1210 54.5980997576 54.5981543558
3401.81200001 352148 5.93300121296 5.93300714597
0.0800000000001 1552 -1.65995724803e-07 8.34004275197e-07
0.232000000001 1438 49.9999500011 50.000000001
3599.99600001 5015172 -100000000 81934.8611972
3599.98000001 295648 0.011540562875 0.0205162397135
655.184000001 9052 60.9191844403 60.9192453596
413.616000001 4976 53.0369755808 53.0370286178
3599.99600001 26952150 0 inf

3599.99600001 8565920 0.25 20595408.5874
3599.99600001 5768176 -9.13999999999e+15 5.24516362398e+13
0.0480000000001 26 0.759283474132 0.759284474132
2.13200000001 24 1.79999996146 1.79999996531
0 2 -8.28459055135e-07 -8.28459037371e-07
0.0160000000001 14 29.8943581585 29.8943782465
0.0240000000001 28 -9.93669589234e-07 6.33041076536e-09
0.336000000001 130 -5.40745710735e-07 4.59254289265e-07
0.00800000000001 18 -4.1036618723e-08 1.30200897633e-09
0.0160000000001 18 -3.14794462987e-07 6.85205537013e-07
0.0520000000001 30 -9.58022927848e-07 4.19770721516e-08
0.0240000000001 32 -6.1514092206e-07 3.8485907794e-07
0.0240000000001 28 -9.72096929923e-07 2.79030700768e-08
0.644000000001 228 0 1.047665611e-09
0.0240000000001 20 0 7.27751245933e-08
0.520000000001 164 0 9.76658665053e-09
0.0560000000001 44 0 1.43048411836e-07
0.600000000001 196 0 1.74659508385e-07
0.140000000001 76 0 1.22431109695e-09
0.112000000001 58 0 4.22727427933e-09
0.00800000000001 6 -17.0000169999 -17
0.0360000000001 2 49317.9686421 49318.0179601
0 0 -213.000212989 -212.99999999
0.0280000000001 4 -15 -14.9999999969
0 0 -11.0000109994 -10.9999999994
0.00800000000001 2 -268.014899541 -268.014631526
0.00800000000001 2 -268.014899541 -268.014631526
0.0280000000001 6 -39.0000389999 -39


0.692000000001 232 7049.24436906 7049.25141831
0.00800000000001 6 -30665.5684937 -30665.5378281
0.00400000000001 6 -310.000309841 -309.999999842
0 2 -310.000309849 -309.999999849
0.0280000000001 26 -4.00000399947 -3.99999999947
0.0280000000001 78 -9.35701504849e-07 6.42984951507e-08
0.00400000000001 8 -16.7389062673 -16.7388895284
0.0200000000001 28 -5.50801871048 -5.50801320246
0.144000000001 58 -400.000400519 -400.000000519
0.100000000001 42 -600.000600615 -600.000000615
0.100000000001 38 -450.000468889 -450.000018889
0.0840000000001 36 7512.22547727 7512.2329895
0.0840000000001 36 7512.22776294 7512.23527518
0.404000000001 30 4845.45714313 4845.46198859
0.0880000000001 48 -0.0324647950275 -0.0324637950275
0.128000000001 36 1227.22587772 1227.22710495
0.0400000000001 12 0.1 0.100000000001
0.104000000001 22 1227.22603025 1227.22725748
0.160000000001 62 -0.388812255707 -0.388811255707
21.9040000001 22272 7049.24241353 7049.24946278
1.05200000001 394 7049.24393618 7049.25098543
0.0360000000001 18 10122.4874492 10122.4975717
0.0360000000001 40 -83.2497922575 -83.2497090077
0.0760000000001 52 -5.73982366511 -5.73981792529
0.0960000000001 74 0.341738554599 0.341739554599
0.0880000000001 88 1.08986289723 1.08986398709
0.208000000001 158 0.817528049936 0.817529049936
0 0 -inf inf
0.00800000000001 12 -2.02180824636 -2.02180622456
0.0120000000001 22 -1.07086183532 -1.07086076446
0.0160000000001 38 -1e-06 0
0.0880000000001 128 -1.03162918794 -1.03162815631
0.0120000000001 28 -10.0860099664 -10.0860004808
0.0320000000001 198 -10.0860107409 -10.0860006549
0.620000000001 348 0.029310690056 0.029311690056
0.120000000001 38 -0.38881151136 -0.38881051136
0.136000000001 62 -0.388812255707 -0.388811255707
0.0120000000001 212 -inf -1.79769313486e+308
0.232000000001 90 -0.00413657669806 -0.00413557669806
0.332000000001 130 -0.00413653095189 -0.00413553095189
0.832000000001 258 -0.000426190732634 -0.000425190732634
0.212000000001 72 -1.34732687676 -1.34732552943
0.612000000001 202 -0.0107545977074 -0.0107535977074
0.236000000001 182 -inf 0.294708783427
0.0640000000001 12 -13.000000025 -13.0000000224
0.0160000000001 6 -3.2500032425 -3.2499999925
0.0120000000001 4 -16.0000001033 -16.0000000149
0.0120000000001 4 -37.0000000356 -37.000000032
0.0480000000001 12 -1.000001009 -1.000000009
0.0120000000001 6 -3.2500032425 -3.2499999925
0.0200000000001 6 16.9999829749 16.9999999749
0.00400000000001 2 99.9993731713 99.9994731708
0.0320000000001 8 -1.05669997449e-06 -5.66999744933e-08
0.0160000000001 10 0.499999013162 0.500000013162
0.0120000000001 8 4.99999497751 4.9999999775
0.0360000000001 6 -1.00000101665 -1.00000001665
0.0200000000001 6 16.9999829749 16.9999999749
0.00400000000001 4 1.49999998915 1.49999999147
0.00400000000001 4 2.99999811134 3.00000111134
0 10 -0 0
0 4 0 0
0 0 -9.99999999999e-07 4.94065645842e-324
0.00400000000001 2 0 0
0.00400000000001 2 0 4.44089209851e-16
0.100000000001 32 -30665.5386924 -30665.5386777
0.144000000001 120 17.0140052294 17.0140222435
0.632000000001 158 -4500.00450018 -4500.00000018
0.144000000001 120 17.0140052294 17.0140222435
0.272000000001 240 0.0293101001178 0.0293111001178
0.00800000000001 16 3084.70796866 3084.71105338
0.00400000000001 2 0 1.77635683941e-14
0.00800000000001 22 0 8.95902428887e-07
0.480000000001 318 0 7.60475731515e-07
0.00400000000001 8 0 5.55111512313e-17
1.93600000001 740 -0 4.15591024299e-07
0.00800000000001 212 -inf -1.79769313486e+308
0 4 -0 0
0.0240000000001 16 -1.00000567139 -1.00000467139
410.808000001 108584 -47.706556947 -47.7065092405
427.892000001 108584 -47.706556947 -47.7065092405
201.960000001 57542 -47.7065557219 -47.7065080153
39.0880000001 5854 -0.352498921026 -0.352497921026
305.940000001 142298 -3.05197926281 -3.05197621083
4.58000000001 1236 -9.03793245742e-07 9.62067542576e-08
260.644000001 42630 3.96821908956 3.96822305778
0.252000000001 46 -1.76500124542 -1.76499948042
0.460000000001 92 -1.76500181483 -1.76500004983
12.9000000001 3270 1.95106598632 1.951066083
1.47600000001 352 0 2.50537563682e-07
20.9960000001 3646 0 1.0688502467e-09
0.220000000001 10 -4150.41428406 -4150.41013365
0.0640000000001 4 15638.9843468 15638.9999858
10.6480000001 4010 -0.37500097759 -0.37499997759
9.89200000001 3842 -0.375001002754 -0.375000002754
0.0360000000001 16 -750.000750134 -750.000000134
0.940000000001 50 1.86415945117 1.86415945205
4.75200000001 3002 -0.351889736759 -0.351888736759
0.536000000001 210 -0.294541769523 -0.294540769523
10.8240000001 10796 -3.67019112243e-06 -2.67019112243e-06
5.20800000001 3788 0.289193739945 0.289194739945
0.640000000001 528 -0.695358613322 -0.695357613322
25.2320000001 25558 -3.6024561856e-06 -2.6024561856e-06
18.4320000001 16836 -0.0270073487438 -0.0270063487438
13.3880000001 9774 -0.0340671830267 -0.0340661830267
2.30000000001 426 6.27462859729 6.27463487192
1.69600000001 770 6.27235597354 6.2723622459
3.58800000001 4298 1.20676939309 1.20677001409
113.628000001 82918 0.212458931135 0.212459931135
7.72400000001 3776 -1.07475560487e-06 -7.4755604873e-08
0.272000000001 70 -400.00040053 -400.00000053
24.7280000001 3410 -0.866026441453 -0.866025441453
7.80000000001 298 2257.79530773 2257.79756553
0.816000000001 346 -inf 2141.52964557
1.04800000001 352 -inf 4465.7044798
1.40800000001 1010 6.27920173859e-05 6.37920173859e-05
1.68800000001 1068 6.28598734782e-05 6.38598734782e-05
0.224000000001 82 -9.98464475403e-07 1.53552459637e-09
35.6040000001 2440 0.000306846975432 0.000307846975432
51.3040000001 53706 0.000306520601815 0.000307520601815

3599.89600001 33744 -7.19208845159 inf
0.360000000001 784 -inf inf
0.00400000000001 108 -inf 1.04054228971e+56
0.00800000000001 212 -inf -1.79769313486e+308





































