../../plugins/optim/benchs/coconutbenchmark-library2/avgasa.nl 173.751999 7.436000
../../plugins/optim/benchs/coconutbenchmark-library2/avgasb.nl 130.727997 1.640000
../../plugins/optim/benchs/coconutbenchmark-library2/batch.nl 3599.988037 997.752014
../../plugins/optim/benchs/coconutbenchmark-library2/dipigri.nl 90.528000 11.964000
../../plugins/optim/benchs/coconutbenchmark-library2/disc2.nl 6.244000 4.308000
../../plugins/optim/benchs/coconutbenchmark-library2/dixchlng.nl 6.016000 4.976000
../../plugins/optim/benchs/coconutbenchmark-library2/dualc1.nl 14.576000 5.224000
../../plugins/optim/benchs/coconutbenchmark-library2/dualc2.nl 6.328000 0.600000
../../plugins/optim/benchs/coconutbenchmark-library2/dualc5.nl 3599.996094 86.704002
../../plugins/optim/benchs/coconutbenchmark-library2/genhs28.nl 2.532000 1.280000
../../plugins/optim/benchs/coconutbenchmark-library2/haifas.nl 5.304000 1.724000
../../plugins/optim/benchs/coconutbenchmark-library2/himmelbk.nl 15.336000 5.044000
../../plugins/optim/benchs/coconutbenchmark-library2/hs056.nl 12.148000 2.112000
../../plugins/optim/benchs/coconutbenchmark-library2/hs087.nl 0.712000 0.248000
../../plugins/optim/benchs/coconutbenchmark-library2/hs088.nl 3599.996094 2.620000
../../plugins/optim/benchs/coconutbenchmark-library2/hs093.nl 1096.744019 620.835999
../../plugins/optim/benchs/coconutbenchmark-library2/hs095.nl 0.008000 0.004000
../../plugins/optim/benchs/coconutbenchmark-library2/hs096.nl 0.008000 0.004000
../../plugins/optim/benchs/coconutbenchmark-library2/hs097.nl 0.020000 0.004000
../../plugins/optim/benchs/coconutbenchmark-library2/hs098.nl 0.028000 0.004000
../../plugins/optim/benchs/coconutbenchmark-library2/hs100.nl 75.332001 12.232000
../../plugins/optim/benchs/coconutbenchmark-library2/hs100lnp.nl 74.192001 13.100000
../../plugins/optim/benchs/coconutbenchmark-library2/hs100mod.nl 81.500000 13.308000
../../plugins/optim/benchs/coconutbenchmark-library2/hs103.nl 1477.463989 695.000000
../../plugins/optim/benchs/coconutbenchmark-library2/hs104.nl 45.431999 11.904000
../../plugins/optim/benchs/coconutbenchmark-library2/hs106.nl 1.428000 0.492000
../../plugins/optim/benchs/coconutbenchmark-library2/hs109.nl 1.980000 0.696000
../../plugins/optim/benchs/coconutbenchmark-library2/hs113.nl 71.115997 20.548000
../../plugins/optim/benchs/coconutbenchmark-library2/hs114.nl 1.976000 0.956000
../../plugins/optim/benchs/coconutbenchmark-library2/hs116.nl 3599.996094 0.952000
../../plugins/optim/benchs/coconutbenchmark-library2/hs117.nl 2260.988037 259.859985
../../plugins/optim/benchs/coconutbenchmark-library2/hs119.nl 135.143997 26.708000
../../plugins/optim/benchs/coconutbenchmark-library2/lotschd.nl 0.020000 0.012000
../../plugins/optim/benchs/coconutbenchmark-library2/odfits.nl 3599.996094 77.204002
../../plugins/optim/benchs/coconutbenchmark-library2/optprloc.nl 0.764000 0.476000
../../plugins/optim/benchs/coconutbenchmark-library2/polak5.nl 0.300000 0.248000
../../plugins/optim/benchs/coconutbenchmark-library2/prodpl0.nl 1489.895996 591.059998
../../plugins/optim/benchs/coconutbenchmark-library2/prodpl1.nl 1752.635986 415.631989
../../plugins/optim/benchs/coconutbenchmark-library2/synthes1.nl 0.124000 0.076000
../../plugins/optim/benchs/easy/ackley_5.bch 0.004000 0.000000
../../plugins/optim/benchs/easy/chance.bch 0.032000 0.020000
../../plugins/optim/benchs/easy/ex14_1_3.bch 0.016000 0.008000
../../plugins/optim/benchs/easy/ex14_1_5.bch 0.076000 0.036000
../../plugins/optim/benchs/easy/ex14_2_4.bch 0.744000 0.444000
../../plugins/optim/benchs/easy/ex14_2_5.bch 0.060000 0.044000
../../plugins/optim/benchs/easy/ex14_2_6.bch 3.892000 0.620000
../../plugins/optim/benchs/easy/ex14_2_9.bch 0.108000 0.080000
../../plugins/optim/benchs/easy/ex2_1_1.bch 0.168000 0.124000
../../plugins/optim/benchs/easy/ex2_1_10.bch 0.688000 0.456000
../../plugins/optim/benchs/easy/ex2_1_3.bch 0.140000 0.112000
../../plugins/optim/benchs/easy/ex2_1_4.bch 0.004000 0.000000
../../plugins/optim/benchs/easy/ex2_1_5.bch 0.012000 0.008000
../../plugins/optim/benchs/easy/ex2_1_6.bch 7.992000 1.408000
../../plugins/optim/benchs/easy/ex3_1_1.bch 1.184000 0.628000
../../plugins/optim/benchs/easy/ex3_1_3bis.bch 0.004000 0.000000
../../plugins/optim/benchs/easy/ex3_1_4.bch 0.068000 0.024000
../../plugins/optim/benchs/easy/ex4_1_5.bch 0.120000 0.028000
../../plugins/optim/benchs/easy/ex4_1_8.bch 0.012000 0.008000
../../plugins/optim/benchs/easy/ex4_1_9.bch 0.092000 0.016000
../../plugins/optim/benchs/easy/ex5_2_2_case1.bch 0.188000 0.148000
../../plugins/optim/benchs/easy/ex5_2_2_case2.bch 0.160000 0.092000
../../plugins/optim/benchs/easy/ex5_2_4.bch 0.196000 0.104000
../../plugins/optim/benchs/easy/ex5_4_2.bch 0.192000 0.096000
../../plugins/optim/benchs/easy/ex5_4_2bis.bch 0.172000 0.084000
../../plugins/optim/benchs/easy/ex6_1_2.bch 0.080000 0.064000
../../plugins/optim/benchs/easy/ex7_2_1.bch 0.192000 0.112000
../../plugins/optim/benchs/easy/ex7_2_10.bch 0.024000 0.016000
../../plugins/optim/benchs/easy/ex7_2_1bis.bch 0.220000 0.148000
../../plugins/optim/benchs/easy/ex7_2_3.bch 3599.996094 14.428000
../../plugins/optim/benchs/easy/ex7_2_3bis.bch 3.736000 1.936000
../../plugins/optim/benchs/easy/ex7_2_6.bch 0.112000 0.040000
../../plugins/optim/benchs/easy/ex7_2_7.bch 0.272000 0.076000
../../plugins/optim/benchs/easy/ex7_3_1.bch 0.100000 0.080000
../../plugins/optim/benchs/easy/ex8_1_1.bch 0.012000 0.008000
../../plugins/optim/benchs/easy/ex8_1_2.bch 7.244000 0.012000
../../plugins/optim/benchs/easy/ex8_1_4.bch 0.024000 0.016000
../../plugins/optim/benchs/easy/ex8_1_5.bch 839.968018 0.188000
../../plugins/optim/benchs/easy/ex8_1_6bis.bch 0.040000 0.032000
../../plugins/optim/benchs/easy/ex8_1_7.bch 1.072000 0.712000
../../plugins/optim/benchs/easy/ex8_5_3-1.bch 0.672000 0.408000
../../plugins/optim/benchs/easy/ex8_5_3.bch 0.672000 0.464000
../../plugins/optim/benchs/easy/ex8_5_4.bch 1.420000 0.984000
../../plugins/optim/benchs/easy/ex8_5_5-1.bch 0.232000 0.160000
../../plugins/optim/benchs/easy/ex8_5_5.bch 1.584000 1.024000
../../plugins/optim/benchs/easy/ex8_5_6-1.bch 0.752000 0.216000
../../plugins/optim/benchs/easy/ex9_2_1.bch 0.016000 0.012000
../../plugins/optim/benchs/easy/ex9_2_2.bch 0.004000 0.000000
../../plugins/optim/benchs/easy/ex9_2_5.bch 0.024000 0.008000
../../plugins/optim/benchs/easy/ex9_2_6.bch 0.264000 0.040000
../../plugins/optim/benchs/easy/ex9_2_7.bch 0.020000 0.012000
../../plugins/optim/benchs/easy/exinfinity3.bch 0.004000 0.000000
../../plugins/optim/benchs/easy/griewank.bch 0.020000 0.000000
../../plugins/optim/benchs/easy/hockschittkowski.mbx 0.248000 0.172000
../../plugins/optim/benchs/easy/house.bch 0.800000 0.488000
../../plugins/optim/benchs/easy/hs071.bch 0.236000 0.188000
../../plugins/optim/benchs/easy/m4wd.bch 0.640000 0.464000
../../plugins/optim/benchs/easy/ship-1.bch 0.860000 0.716000
../../plugins/optim/benchs/easy/wall.bch 0.020000 0.016000
../../plugins/optim/benchs/hard/ex6_1_3.bch 207.587997 111.071999
../../plugins/optim/benchs/hard/ex6_2_10.bch 3599.996094 1441.176025
../../plugins/optim/benchs/hard/ex8_5_1bis.bch 16.476000 8.064000
../../plugins/optim/benchs/medium/alkyl.bch 0.548000 0.416000
../../plugins/optim/benchs/medium/alkylbis.bch 0.604000 0.448000
../../plugins/optim/benchs/medium/ex14_2_3.bch 2.252000 1.708000
../../plugins/optim/benchs/medium/ex14_2_7.bch 2971.607910 45.995998
../../plugins/optim/benchs/medium/ex2_1_9.bch 10.844000 8.776000
../../plugins/optim/benchs/medium/ex5_2_2_case3.bch 0.040000 0.032000
../../plugins/optim/benchs/medium/ex5_3_2.bch 1.360000 0.468000
../../plugins/optim/benchs/medium/ex6_1_3bis.bch 3599.996094 15.088000
../../plugins/optim/benchs/medium/ex6_1_4.bch 0.740000 0.592000
../../plugins/optim/benchs/medium/ex6_2_11.bch 3599.996094 21.524000
../../plugins/optim/benchs/medium/ex6_2_12.bch 1076.368042 13.264000
../../plugins/optim/benchs/medium/ex6_2_14.bch 27.695999 1.596000
../../plugins/optim/benchs/medium/ex6_2_6.bch 3599.996094 53.340000
../../plugins/optim/benchs/medium/ex6_2_8.bch 3599.996094 35.632000
../../plugins/optim/benchs/medium/ex6_2_9.bch 3599.996094 34.212002
../../plugins/optim/benchs/medium/ex7_3_4bis.bch 7.008000 1.800000
../../plugins/optim/benchs/medium/ex7_3_5bis.bch 4.072000 2.668000
../../plugins/optim/benchs/medium/ex8_4_4bis.bch 3599.996094 185.343994
../../plugins/optim/benchs/medium/ex8_5_2_1.bch 28.896000 14.288000
../../plugins/optim/benchs/medium/haverly.bch 0.268000 0.216000
../../plugins/optim/benchs/medium/launch.bch 59.848000 2.900000
../../plugins/optim/benchs/medium/schwefel5-abs.bch 3599.996094 5.612000
../../plugins/optim/benchs/medium/schwefel5.bch 3599.996094 6.208000
../../plugins/optim/benchs/others/ex8_4_5-1.bch 432.667999 124.435997
../../plugins/optim/benchs/others/ex8_4_5bis.bch 3599.996094 58.439999
../../plugins/optim/benchs/others/test_infinity4.bch 0.012000 0.008000
