-1.0000 
-1.0000 
-1.0000 
-1.0000 
-1.0000 
-1.0000 
-1.0000 
-1.0000 
-1.0000 
-1.0000 
-1.0000 
-1.0000 
-1.0000 
-1.0000 
-1.0000 
-1.0000 
-1.0000 
-1.0000 
-1.0000 
-1.0000 
-1.0000 
-1.0000 
-1.0000 
-1.0000 
-1.0000 
3599.9919 
0.0240 
1.4880 
173.7520 
130.7280 
3599.9680 
3599.9880 
3599.9961 
3599.9961 
0.5200 
13.3720 
3599.9961 
90.5280 
6.2440 
3599.9961 
6.0160 
3599.9839 
14.5760 
6.3280 
3599.9961 
3599.9961 
3599.9561 
1.5120 
0.1760 
2.9880 
0.8320 
3599.9919 
2.5320 
5.3040 
4.4880 
15.3360 
12.1480 
3599.9961 
0.7120 
3599.9961 
3599.9919 
3599.9919 
3599.9919 
-1.0000 
1096.7440 
0.0080 
0.0080 
0.0200 
0.0280 
3237.9641 
75.3320 
74.1920 
81.5000 
3599.9961 
3599.9961 
1477.4640 
45.4320 
1.4280 
3599.9961 
3599.9961 
1.9800 
3599.9961 
3599.9961 
3599.9961 
71.1160 
1.9760 
3599.9961 
2260.9880 
3599.9961 
135.1440 
0.0080 
0.0000 
3599.9961 
0.0200 
0.0120 
0.0240 
0.8200 
0.3240 
3599.9961 
-1.5000 
0.0960 
3599.9961 
0.0000 
3599.9441 
0.7640 
3599.9961 
3599.9680 
17.2720 
0.0280 
0.1040 
3599.9961 
0.0800 
0.3000 
3599.9961 
3599.9919 
1489.8960 
1752.6360 
3599.9961 
-1.0000 
3599.9961 
3599.9961 
0.1240 
2.0040 
0.0040 
0.0320 
0.0160 
0.3520 
0.0160 
0.0120 
0.0760 
0.0080 
0.0120 
0.5120 
0.0240 
0.7440 
0.0600 
3.8920 
0.1480 
0.1080 
0.1680 
0.6880 
0.0000 
0.1400 
0.0040 
0.0120 
0.0120 
7.9920 
-1.5000 
-1.5000 
1.1840 
0.0080 
0.0040 
0.0040 
0.0680 
0.1200 
0.0120 
0.0920 
0.1880 
0.1600 
0.1960 
0.1920 
0.1720 
0.2800 
0.0800 
0.1920 
0.0240 
0.2200 
0.1120 
3599.9961 
3.7360 
0.0240 
0.1120 
0.2720 
0.1000 
0.0600 
0.0880 
0.0000 
0.0120 
7.2440 
0.0240 
839.9680 
0.0120 
0.0400 
1.0720 
0.1560 
0.1360 
0.0080 
0.6720 
0.6720 
1.4200 
0.2320 
1.5840 
0.7520 
0.0560 
0.0120 
0.0040 
0.0000 
0.0520 
0.0120 
0.0160 
0.0040 
0.0320 
0.0040 
0.0240 
0.2640 
0.0200 
0.0040 
0.0000 
0.0000 
0.0040 
0.0000 
0.0000 
0.0200 
0.0760 
0.2480 
0.8000 
0.2360 
0.6400 
0.0080 
0.0000 
0.0080 
0.1600 
0.0000 
0.8600 
0.0080 
0.0000 
0.0200 
3599.9919 
3599.9961 
3599.9961 
207.5880 
3599.9961 
16.4760 
3599.9961 
0.5480 
0.6040 
13.5000 
2.2520 
2971.6079 
2.4480 
1.0480 
10.8440 
9.0680 
0.0400 
1.3600 
3599.9961 
0.7400 
3599.9961 
1076.3680 
27.6960 
3599.9961 
3599.9961 
3599.9961 
1.8200 
7.0080 
4.0720 
3599.9961 
28.8960 
0.2680 
17.5880 
59.8480 
0.8240 
0.9120 
3599.9961 
3599.9961 
0.1600 
432.6680 
3599.9961 
-1.5000 
3599.8879 
0.3080 
0.0040 
0.0120 
-1.0000 
-1.0000 
-1.0000 
-1.0000 
-1.0000 
-1.0000 
-1.0000 
-1.0000 
-1.0000 
-1.0000 
-1.0000 
-1.0000 
-1.0000 
-1.0000 
-1.0000 
-1.0000 
-1.0000 
-1.0000 
-1.0000 
-1.0000 
-1.0000 
-1.0000 
-1.0000 
-1.0000 
-1.0000 
-1.0000 
-1.0000 
-1.0000 
-1.0000 
-1.0000 
-1.0000 
-1.0000 
-1.0000 
-1.0000 
-1.0000 
-1.0000 
-1.0000 
-1.0000 
