
























3599.99200001 664912 -73022.3701869 2128.79502617
0.024 62 -inf 5.27087030143e+23
1.48800000001 3974 0 4.28874372465e-07
173.752000001 379698 -4.41217591194 -4.41217149977
130.728000001 271314 -4.48322338184 -4.48321889862
3599.96800001 266074 94680047.1244 94684036.6046
3599.98800001 173062 254965.641992 260056.522253
3599.99600001 63630148 0 2.06812565408e+21
3599.99600001 642882 -26579.8895733 -22004.5611636
0.520000000001 760 -6230.80069996 -6230.79446917
13.3720000001 256 91.056239544 91.056246028
3599.99600001 11327256 -4.87070173994e+25 18305560.5018
90.5280000001 81202 680.629524789 680.630205419
6.24400000001 650 1.56249842954 1.56249999204
3599.99600001 1730662 -1124264068.71 inf
6.01600000001 1840 -3.79983912613e-07 6.20016087387e-07
3599.98400001 183540 18738.936366 inf
14.5760000001 6608 6155.24554353 6155.25169879
6.32800000001 9838 3551.30307039 3551.3066217
3599.99600001 8727658 237.30702818 427.311636654
3599.99600001 5092896 16232.4676768 18310.0637078
3599.95600001 200942 0 2.96420361103
1.51200000001 282 -10.7462049441 -10.7461941979
0.176000000001 6 -1 -1
2.98800000001 396 -4150.41428406 -4150.41013365
0.832000000001 132 15638.9843427 15638.9999817
3599.99200001 690072 7.79089854003 11.3447031625
2.53200000001 786 0.927172742597 0.927173742597
5.30400000001 4018 -0.45000068081 -0.44999968081
4.48800000001 2590 0.000121818319006 0.000122818319006
15.3360000001 394 0.0518133375404 0.0518143375404
12.1480000001 9144 -3.45600344509 -3.45599998909
3599.99600001 2483556 0 1.95163665095
0.712000000001 252 8827.59038451 8827.59921211
3599.99600001 1251392 1.36265016287 1.36265699239
3599.99200001 292356 6.80432472532e-09 inf
3599.99200001 985766 0.576276580173 1.40072750599
3599.99200001 778848 9.20455103385e-12 inf

1096.74400001 1182528 135.075831682 135.075966758
0.00800000000001 6 0.0156185252456 0.0156195252456
0.00800000000001 6 0.0156185252456 0.0156195252456
0.0200000000001 10 3.13580598725 3.13580912306
0.0280000000001 14 3.13580598756 3.13580912337
3237.96400001 481314 -831079900.53 -831079811.074
75.3320000001 78424 680.629567748 680.630248378
74.1920000001 63824 680.629506294 680.630186924
81.5000000001 92654 678.754179125 678.75485788
3599.99600001 2213758 1612.21378781 1815.89037323
3599.99600001 2875056 904.017804384 912.44836844
1477.46400001 860824 543.667479275 543.668022943
45.4320000001 24790 3.95115955187 3.95116350303
1.42800000001 770 7049.24118206 7049.24823131
3599.99600001 3162276 0 inf
3599.99600001 2484502 -0.866091533647 -0.866025401261
1.98000000001 494 5326.84602749 5326.85135434
3599.99600001 3964912 -47.980549941 -45.7730523785
3599.99600001 2340592 -434.412772985 -47.7168139011
3599.99600001 2616088 -60.132542925 -47.7361797369
71.1160000001 43732 24.3061883905 24.3062126967
1.97600000001 592 -1768.80736771 -1768.80559891
3599.99600001 3749360 97.585293281 97.5875472528
2260.98800001 1626546 32.3486486214 32.34868097
3599.99600001 1946662 664.820449936 inf
135.144000001 22422 244.899466831 244.899711731
0.00800000000001 28 -95.96 -95.9599999999
0 0 -inf inf
3599.99600001 8196052 -inf 0.567487167684
0.0200000000001 2 2398.413439 2398.41583741
0.0120000000001 78 -0 0
0.0240000000001 16 -0 1.00000000001e-09
0.820000000001 8134 -0 7.92633152666e-07
0.324000000001 104 -6230.79556201 -6230.79534964
3599.99600001 4635534 -1.00882432585 -0.999976489479

0.0960000000001 254 -inf -1.01913499544
3599.99600001 4097598 -2382.18538037 -2379.99510811
0 0 549.999440581 549.999990581
3599.94400001 104386 -0.57334448541 inf
0.764000000001 32 -16.419782455 -16.4197660352
3599.99600001 6159650 -1.40000000949e+17 inf
3599.96800001 1618142 -2.964e+17 inf
17.2720000001 14856 0.000135523011766 0.000136523011766
0.0280000000001 1064 2.71827911118 2.71828182946
0.104000000001 1208 54.5981020543 54.5981566525
3599.99600001 542548 5.61003300154 5.94803215109
0.0800000000001 1548 -9.98440840087e-07 1.55915991229e-09
0.300000000001 1582 49.9999500011 50.000000001
3599.99600001 5612636 -100000000 91634.6219069
3599.99200001 510132 0.0116051106933 0.0205162397135
1489.89600001 37078 60.9192049339 60.9192658532
1752.63600001 45594 53.0369618897 53.0370149268
3599.99600001 27505024 0 inf

3599.99600001 8173856 0.25 20595418.7011
3599.99600001 6055432 -9.13999999999e+15 5.24516362398e+13
0.124000000001 88 0.759283964112 0.759284964112
2.00400000001 38 1.79999996146 1.79999996531
0.00400000000001 2 -8.28459055135e-07 -8.28459037371e-07
0.0320000000001 24 29.8943481121 29.8943780065
0.0160000000001 24 -8.79661762559e-07 1.20338237441e-07
0.352000000001 186 -9.88857610827e-07 1.11423891721e-08
0.0160000000001 16 -3.20638481788e-07 6.79361518212e-07
0.0120000000001 18 -8.5828571184e-07 1.4171428816e-07
0.0760000000001 34 -9.98963635672e-07 1.03636432769e-09
0.00800000000001 16 -5.86251000494e-07 4.13748999506e-07
0.0120000000001 32 -9.98999527406e-07 1.00047259366e-09
0.512000000001 252 0 9.23066905135e-08
0.0240000000001 22 0 2.85302524238e-09
0.744000000001 428 0 3.30471635835e-07
0.0600000000001 46 0 1.19743059913e-09
3.89200000001 3368 0 5.9410526257e-07
0.148000000001 154 0 1.08193514148e-08
0.108000000001 68 0 3.04966540039e-07
0.168000000001 390 -17.0000169999 -17
0.688000000001 76 49317.9686421 49318.0179601
0 2 -213.000212989 -212.99999999
0.140000000001 76 -15.0000149979 -14.9999999979
0.00400000000001 2 -11.0000109994 -10.9999999994
0.0120000000001 2 -268.014899541 -268.014631526
0.0120000000001 2 -268.014899541 -268.014631526
7.99200000001 11396 -39.0000389999 -39


1.18400000001 772 7049.24248798 7049.24953723
0.00800000000001 6 -30665.5668324 -30665.5361668
0.00400000000001 4 -310.000309841 -309.999999842
0.00400000000001 4 -310.000309841 -309.999999842
0.0680000000001 110 -4.00000399949 -3.9999999995
0.120000000001 434 -8.9885506061e-07 1.0114493939e-07
0.0120000000001 16 -16.7389091373 -16.7388923984
0.0920000000001 266 -5.50801877852 -5.5080132705
0.188000000001 78 -400.000001193 -400.00000043
0.160000000001 62 -600.000600607 -600.000000607
0.196000000001 108 -450.000468891 -450.000018891
0.192000000001 114 7512.22515657 7512.2326688
0.172000000001 100 7512.22382489 7512.23133712
0.280000000001 40 4845.45714313 4845.46198859
0.0800000000001 72 -0.0324644816709 -0.0324634816709
0.192000000001 82 1227.22572297 1227.2269502
0.0240000000001 12 0.1 0.100000000001
0.220000000001 94 1227.22517888 1227.22640611
0.112000000001 62 -0.388812455531 -0.388811455531
3599.99600001 6708420 6914.75757524 7058.60672331
3.73600000001 2418 7049.24132026 7049.24836951
0.0240000000001 16 10122.48345 10122.4935725
0.112000000001 186 -83.2497650962 -83.2496818466
0.272000000001 314 -5.73982481175 -5.73981907193
0.100000000001 78 0.341738605411 0.341739605411
0.0600000000001 114 1.0898628862 1.08986397606
0.0880000000001 88 0.817528049834 0.817529049834
0 0 -inf inf
0.0120000000001 36 -2.02180878803 -2.02180676622
7.24400000001 53678 -1.07086209012 -1.07086101926
0.0240000000001 50 -1e-06 0
839.968000001 5417244 -1.03162948511 -1.03162845348
0.0120000000001 34 -10.0860025214 -10.0859924354
0.0400000000001 196 -10.0860115777 -10.0860014917
1.07200000001 1098 0.0293102558556 0.0293112558556
0.156000000001 86 -0.388812099701 -0.388811099701
0.136000000001 62 -0.388812455531 -0.388811455531
0.00800000000001 212 -inf -1.79769313486e+308
0.672000000001 428 -0.00413655883677 -0.00413555883677
0.672000000001 458 -0.00413629168713 -0.00413529168713
1.42000000001 912 -0.000425932270323 -0.000424932270323
0.232000000001 122 -1.34732687869 -1.34732553136
1.58400000001 884 -0.0107545730085 -0.0107535730085
0.752000000001 566 -inf 1.27020892111
0.0560000000001 12 -13.000000025 -13.0000000224
0.0120000000001 6 -3.2500032425 -3.2499999925
0.00400000000001 2 -16.000016015 -16.000000015
0 0 -37.0000370101 -37.0000000101
0.0520000000001 12 -1.000001009 -1.000000009
0.0120000000001 6 -3.2500032425 -3.2499999925
0.0160000000001 6 16.9999829749 16.9999999749
0.00400000000001 4 99.9994148703 99.9994236213
0.0320000000001 4 -1.05648333001e-06 -5.64833300131e-08
0.00400000000001 4 0.499998973001 0.499999973001
0.0240000000001 6 4.99999497976 4.99999997976
0.264000000001 76 -1.000001018 -1.00000001799
0.0200000000001 6 16.9999829749 16.9999999749
0.00400000000001 2 1.49999849101 1.49999999101
0 4 2.99999820394 3.00000120395
0 10 -0 0
0.00400000000001 4 0 0
0 0 -9.99999999999e-07 4.94065645842e-324
0 2 0 0
0.0200000000001 46 0 4.44089209851e-16
0.0760000000001 26 -30665.5387157 -30665.5342853
0.248000000001 272 17.0140081982 17.0140252123
0.800000000001 528 -4500.00450018 -4500.00000018
0.236000000001 272 17.0140081982 17.0140252123
0.640000000001 632 0.0293098363333 0.0293108363333
0.00800000000001 12 3084.70813931 3084.71122402
0 2 0 1.77635683941e-14
0.00800000000001 32 0 2.05280124944e-07
0.160000000001 324 0 5.73073548649e-07
0 2 0 5.55111512313e-17
0.860000000001 628 -0 4.68015622337e-07
0.00800000000001 212 -inf -1.79769313486e+308
0 4 -0 0
0.0200000000001 24 -1.00000567139 -1.00000467139
3599.99200001 1784640 -55.7807842666 -47.6926606546
3599.99600001 1767032 -55.8541302092 -47.6926606546
3599.99600001 1894042 -50.7300258969 -47.6945487111
207.588000001 60006 -0.352498898727 -0.352497898727
3599.99600001 7461390 -3.75083776424 -3.05194889048
16.4760000001 12274 -1.48518777345e-06 -4.85187773457e-07
3599.99600001 965634 3.80122844617 3.98090868929
0.548000000001 154 -1.7650004659 -1.76499937027
0.604000000001 160 -1.7650004605 -1.76499970817
13.5000000001 4354 1.95106598076 1.95106606624
2.25200000001 1014 0 1.00053260816e-09
2971.60800001 2209910 0 4.99246919443e-09
2.44800000001 396 -4150.41428406 -4150.41013365
1.04800000001 132 15638.9843427 15638.9999817
10.8440000001 7032 -0.37500100675 -0.37500000675
9.06800000001 7028 -0.37500100675 -0.37500000675
0.0400000000001 20 -750.000750136 -750.000000136
1.36000000001 130 1.8641594508 1.86416047138
3599.99600001 8476802 -0.351966602664 -0.351888772282
0.740000000001 458 -0.294542310005 -0.294541310005
3599.99600001 7224736 -0.00503270533962 -2.65966695474e-06
1076.36800001 3027772 0.289193739443 0.289194739443
27.6960000001 80400 -0.695358939777 -0.695357939777
3599.99600001 6649984 -0.0479801394276 -2.59873043922e-06
3599.99600001 6744116 -0.0895510761504 -0.0270063312963
3599.99600001 9922094 -0.0721188612019 -0.0340636429849
1.82000000001 730 6.27462882951 6.27463510414
7.00800000001 10356 6.27235439296 6.27236066532
4.07200000001 8070 1.20676860669 1.20676981346
3599.99600001 13829144 0.209080419667 0.212461831149
28.8960000001 22480 -1.23789224273e-06 -2.37892242738e-07
0.268000000001 82 -400.000400512 -400.000000512
17.5880000001 5270 -0.866026451457 -0.866025451457
59.8480000001 4716 2257.79755597 2257.79769515
0.824000000001 346 -inf 2141.52964557
0.912000000001 352 -inf 4465.7044798
3599.99600001 19350050 -0.166899574074 6.95652230434e-05
3599.99600001 16951334 -0.145562415725 0.000129076872725
0.160000000001 78 -9.34775647969e-07 6.52243520305e-08
432.668000001 86250 0.000306510712174 0.000307510712174
3599.99600001 13594618 0.000304552004497 0.000307489399563

3599.88800001 57612 -7.19208845159 inf
0.308000000001 784 -inf inf
0.00400000000001 108 -inf 1.04054228971e+56
0.0120000000001 212 -inf -1.79769313486e+308





































