../../plugins/optim/benchs/coconutbenchmark-library2/concon.nl 0.520000 0.636000
../../plugins/optim/benchs/coconutbenchmark-library2/core1.nl 13.372000 19.500000
../../plugins/optim/benchs/coconutbenchmark-library2/eigminc.nl 0.176000 0.228000
../../plugins/optim/benchs/coconutbenchmark-library2/ex2_1_7.nl 2.988000 11.284000
../../plugins/optim/benchs/coconutbenchmark-library2/ex2_1_8.nl 0.832000 5.208000
../../plugins/optim/benchs/coconutbenchmark-library2/makela3.nl 0.012000 0.016000
../../plugins/optim/benchs/coconutbenchmark-library2/mconcon.nl 0.324000 0.396000
../../plugins/optim/benchs/coconutbenchmark-library2/modele_opti.nl 0.096000 0.288000
../../plugins/optim/benchs/coconutbenchmark-library2/zigzag.nl 2.004000 2.564000
../../plugins/optim/benchs/easy/ex14_1_1.bch 0.016000 0.036000
../../plugins/optim/benchs/easy/ex14_1_4.bch 0.012000 0.020000
../../plugins/optim/benchs/easy/ex14_1_8.bch 0.008000 0.020000
../../plugins/optim/benchs/easy/ex14_2_1.bch 0.512000 0.620000
../../plugins/optim/benchs/easy/ex2_1_2.bch 0.000000 0.004000
../../plugins/optim/benchs/easy/ex5_4_3.bch 0.280000 0.484000
../../plugins/optim/benchs/easy/ex7_2_2.bch 0.112000 0.160000
../../plugins/optim/benchs/easy/ex7_3_3.bch 0.088000 0.248000
../../plugins/optim/benchs/easy/ex8_1_8bis.bch 0.136000 0.164000
../../plugins/optim/benchs/easy/ex9_1_2.bch 0.004000 0.008000
../../plugins/optim/benchs/easy/ex9_1_4.bch 0.000000 0.012000
../../plugins/optim/benchs/easy/ex9_2_4.bch 0.004000 0.012000
../../plugins/optim/benchs/easy/exbaron.bch 0.000000 0.004000
../../plugins/optim/benchs/easy/rosenbrock10.bch 0.160000 0.332000
../../plugins/optim/benchs/easy/schaffer.bch 0.000000 0.004000
../../plugins/optim/benchs/medium/bearing.bch 13.500000 16.724001
../../plugins/optim/benchs/medium/ex2_1_7.bch 2.448000 11.856000
../../plugins/optim/benchs/medium/ex2_1_8.bch 1.048000 5.152000
../../plugins/optim/benchs/medium/himmel16.bch 17.587999 21.480000
../../plugins/optim/benchs/medium/like.bch 0.912000 1.300000
../../plugins/optim/benchs/others/ex14_1_6.bch 0.160000 0.216000
